<?xml version="1.0" encoding="UTF-8"?>
<testsuites name="Regression" time="110.843" tests="5" failures="0" errors="0">
   <testsuite name="Regression" tests="5" failures="0" errors="0" time="110.843" skipped="0" timestamp="24-06-2025T15:37:38" hostname="user - host.docker.internal" id="Test Suites/Regression">
      <properties>
         <property name="deviceName" value=""/>
         <property name="devicePlatform"/>
         <property name="logFolder" value="C:\\Users\\user\\Katalon Studio\\Levelup To Automation With Katalon\\Reports\\20250624_153724\\Regression\\20250624_153727"/>
         <property name="logFiles" value="C:\\Users\\user\\Katalon Studio\\Levelup To Automation With Katalon\\Reports\\20250624_153724\\Regression\\20250624_153727\\console0.log, C:\\Users\\user\\Katalon Studio\\Levelup To Automation With Katalon\\Reports\\20250624_153724\\Regression\\20250624_153727\\execution0.log"/>
         <property name="attachments" value=""/>
         <property name="hostName" value="user - host.docker.internal"/>
         <property name="os" value="Windows 11 64bit"/>
         <property name="katalonVersion" value="10.2.1.0"/>
         <property name="browser" value="Firefox 139.0.4"/>
         <property name="userFullName" value="Nedaa Gehad"/>
         <property name="hostAddress" value="192.168.100.16"/>
         <property name="sessionId" value="ad9300e1-2ffc-4e83-ade5-a4d3691141c1"/>
         <property name="projectName" value="Levelup To Automation With Katalon"/>
         <property name="seleniumVersion" value="4.28.1"/>
         <property name="proxyInformation" value="ProxyInformation { proxyOption=NO_PROXY, proxyServerType=HTTP, username=, password=********, proxyServerAddress=, proxyServerPort=0, executionList=&quot;&quot;, isApplyToDesiredCapabilities=true }"/>
         <property name="platform" value="Windows 11"/>
      </properties>
      <testcase name="Test Cases/Reusable Modules/Login" time="19.741" classname="Test Cases/Reusable Modules/Login" status="PASSED">
         <properties>
            <property name="data_binding"><![CDATA[{"(Default) UserN...":"","(Default) Passw...":"********"}]]></property>
         </properties>
         <system-out><![CDATA[24-06-2025T15:37:39 - [TEST_CASE][PASSED] - Test Cases/Reusable Modules/Login: Test Cases/Reusable Modules/Login

24-06-2025T15:37:41 - [TEST_STEP][PASSED] - openBrowser(""): Browser is opened with url: ''

24-06-2025T15:37:41 - [MESSAGE][INFO] - Opening browser

24-06-2025T15:37:41 - [MESSAGE][INFO] - Starting 'Firefox' driver

24-06-2025T15:37:42 - [MESSAGE][INFO] - Action delay is set to 0 milliseconds

24-06-2025T15:37:52 - [MESSAGE][PASSED] - Browser is opened with url: ''

24-06-2025T15:37:52 - [TEST_STEP][PASSED] - navigateToUrl(G_MainURL): Navigate to 'https://katalon-demo-cura.herokuapp.com/' successfully

24-06-2025T15:37:52 - [MESSAGE][INFO] - Checking url

24-06-2025T15:37:52 - [MESSAGE][INFO] - Navigating to 'https://katalon-demo-cura.herokuapp.com/'

24-06-2025T15:37:54 - [MESSAGE][PASSED] - Navigate to 'https://katalon-demo-cura.herokuapp.com/' successfully

24-06-2025T15:37:54 - [TEST_STEP][PASSED] - click(findTestObject("Object Repository/CURA Healthcare Service/Home Page/a_Make Appointment")): Object: 'Object Repository/CURA Healthcare Service/Home Page/a_Make Appointment' is clicked on

24-06-2025T15:37:54 - [MESSAGE][INFO] - Finding Test Object 'Object Repository/CURA Healthcare Service/Home Page/a_Make Appointment'

24-06-2025T15:37:54 - [MESSAGE][INFO] - Checking object

24-06-2025T15:37:54 - [MESSAGE][INFO] - Checking timeout

24-06-2025T15:37:54 - [MESSAGE][INFO] - Finding web element from Test Object's properties

24-06-2025T15:37:54 - [MESSAGE][INFO] - Checking timeout

24-06-2025T15:37:54 - [MESSAGE][INFO] - Finding web element with id: 'Object Repository/CURA Healthcare Service/Home Page/a_Make Appointment' located by 'By.xpath: //a[@id='btn-make-appointment']' in '30' second(s)

24-06-2025T15:37:54 - [MESSAGE][INFO] - Smart Wait Function is triggered

24-06-2025T15:37:54 - [MESSAGE][INFO] - Found 1 web elements with id: 'Object Repository/CURA Healthcare Service/Home Page/a_Make Appointment' located by 'By.xpath: //a[@id='btn-make-appointment']' in '30' second(s)

24-06-2025T15:37:54 - [MESSAGE][INFO] - Clicking on object: 'Object Repository/CURA Healthcare Service/Home Page/a_Make Appointment'

24-06-2025T15:37:54 - [MESSAGE][PASSED] - Object: 'Object Repository/CURA Healthcare Service/Home Page/a_Make Appointment' is clicked on

24-06-2025T15:37:54 - [TEST_STEP][PASSED] - if (!(UserName)): null

24-06-2025T15:37:55 - [TEST_STEP][PASSED] - UserName = G_Cura_UserName: null

24-06-2025T15:37:55 - [TEST_STEP][PASSED] - if (!(Password)): null

24-06-2025T15:37:55 - [TEST_STEP][PASSED] - Password = G_Cura_Password: null

24-06-2025T15:37:55 - [TEST_STEP][PASSED] - setText(findTestObject("Object Repository/CURA Healthcare Service/Login/input_Username_username"), UserName): Text 'John Doe' is set on object 'Object Repository/CURA Healthcare Service/Login/input_Username_username'

24-06-2025T15:37:55 - [MESSAGE][INFO] - Finding Test Object 'Object Repository/CURA Healthcare Service/Login/input_Username_username'

24-06-2025T15:37:55 - [MESSAGE][INFO] - Checking object

24-06-2025T15:37:55 - [MESSAGE][INFO] - Checking text

24-06-2025T15:37:55 - [MESSAGE][INFO] - Finding web element from Test Object's properties

24-06-2025T15:37:55 - [MESSAGE][INFO] - Checking timeout

24-06-2025T15:37:55 - [MESSAGE][INFO] - Finding web element with id: 'Object Repository/CURA Healthcare Service/Login/input_Username_username' located by 'By.xpath: //input[@id='txt-username']' in '30' second(s)

24-06-2025T15:37:55 - [MESSAGE][INFO] - Smart Wait Function is triggered

24-06-2025T15:37:55 - [MESSAGE][INFO] - Found 1 web elements with id: 'Object Repository/CURA Healthcare Service/Login/input_Username_username' located by 'By.xpath: //input[@id='txt-username']' in '30' second(s)

24-06-2025T15:37:55 - [MESSAGE][INFO] - Clearing text of object 'Object Repository/CURA Healthcare Service/Login/input_Username_username'

24-06-2025T15:37:55 - [MESSAGE][INFO] - Finding web element from Test Object's properties

24-06-2025T15:37:55 - [MESSAGE][INFO] - Checking timeout

24-06-2025T15:37:55 - [MESSAGE][INFO] - Finding web element with id: 'Object Repository/CURA Healthcare Service/Login/input_Username_username' located by 'By.xpath: //input[@id='txt-username']' in '30' second(s)

24-06-2025T15:37:55 - [MESSAGE][INFO] - Smart Wait Function is triggered

24-06-2025T15:37:55 - [MESSAGE][INFO] - Found 1 web elements with id: 'Object Repository/CURA Healthcare Service/Login/input_Username_username' located by 'By.xpath: //input[@id='txt-username']' in '30' second(s)

24-06-2025T15:37:55 - [MESSAGE][INFO] - Setting text of object 'Object Repository/CURA Healthcare Service/Login/input_Username_username' to value 'John Doe'

24-06-2025T15:37:55 - [MESSAGE][PASSED] - Text 'John Doe' is set on object 'Object Repository/CURA Healthcare Service/Login/input_Username_username'

24-06-2025T15:37:55 - [TEST_STEP][PASSED] - setEncryptedText(findTestObject("Object Repository/CURA Healthcare Service/Login/input_Password_password"), Auth.EncryptText(Password)): Text ****** has been set on object 'Object Repository/CURA Healthcare Service/Login/input_Password_password'

24-06-2025T15:37:55 - [MESSAGE][INFO] - Finding Test Object 'Object Repository/CURA Healthcare Service/Login/input_Password_password'

24-06-2025T15:37:55 - [MESSAGE][PASSED] - Auth.EncryptText is PASSED

24-06-2025T15:37:55 - [MESSAGE][INFO] - Checking object

24-06-2025T15:37:55 - [MESSAGE][INFO] - Checking text

24-06-2025T15:37:55 - [MESSAGE][INFO] - Finding web element from Test Object's properties

24-06-2025T15:37:55 - [MESSAGE][INFO] - Checking timeout

24-06-2025T15:37:55 - [MESSAGE][INFO] - Finding web element with id: 'Object Repository/CURA Healthcare Service/Login/input_Password_password' located by 'By.xpath: //input[@id='txt-password']' in '30' second(s)

24-06-2025T15:37:55 - [MESSAGE][INFO] - Smart Wait Function is triggered

24-06-2025T15:37:56 - [MESSAGE][INFO] - Found 1 web elements with id: 'Object Repository/CURA Healthcare Service/Login/input_Password_password' located by 'By.xpath: //input[@id='txt-password']' in '30' second(s)

24-06-2025T15:37:56 - [MESSAGE][INFO] - Clearing text of object 'Object Repository/CURA Healthcare Service/Login/input_Password_password'

24-06-2025T15:37:56 - [MESSAGE][INFO] - Setting  text of object 'Object Repository/CURA Healthcare Service/Login/input_Password_password' to value ******

24-06-2025T15:37:56 - [MESSAGE][PASSED] - Text ****** has been set on object 'Object Repository/CURA Healthcare Service/Login/input_Password_password'

24-06-2025T15:37:56 - [TEST_STEP][PASSED] - click(findTestObject("Object Repository/CURA Healthcare Service/Login/button_Login")): Object: 'Object Repository/CURA Healthcare Service/Login/button_Login' is clicked on

24-06-2025T15:37:56 - [MESSAGE][INFO] - Finding Test Object 'Object Repository/CURA Healthcare Service/Login/button_Login'

24-06-2025T15:37:56 - [MESSAGE][INFO] - Checking object

24-06-2025T15:37:56 - [MESSAGE][INFO] - Checking timeout

24-06-2025T15:37:56 - [MESSAGE][INFO] - Finding web element from Test Object's properties

24-06-2025T15:37:56 - [MESSAGE][INFO] - Checking timeout

24-06-2025T15:37:56 - [MESSAGE][INFO] - Finding web element with id: 'Object Repository/CURA Healthcare Service/Login/button_Login' located by 'By.xpath: //button[@id='btn-login']' in '30' second(s)

24-06-2025T15:37:56 - [MESSAGE][INFO] - Smart Wait Function is triggered

24-06-2025T15:37:56 - [MESSAGE][INFO] - Found 1 web elements with id: 'Object Repository/CURA Healthcare Service/Login/button_Login' located by 'By.xpath: //button[@id='btn-login']' in '30' second(s)

24-06-2025T15:37:56 - [MESSAGE][INFO] - Clicking on object: 'Object Repository/CURA Healthcare Service/Login/button_Login'

24-06-2025T15:37:57 - [MESSAGE][PASSED] - Object: 'Object Repository/CURA Healthcare Service/Login/button_Login' is clicked on

24-06-2025T15:37:57 - [TEST_STEP][PASSED] - verifyElementText(findTestObject("Object Repository/CURA Healthcare Service/Home Page/h2_Make Appointment"), "Make Appointment"): Actual text and expected text of test object 'Object Repository/CURA Healthcare Service/Home Page/h2_Make Appointment' are matched.

24-06-2025T15:37:57 - [MESSAGE][INFO] - Finding Test Object 'Object Repository/CURA Healthcare Service/Home Page/h2_Make Appointment'

24-06-2025T15:37:57 - [MESSAGE][INFO] - Checking object

24-06-2025T15:37:57 - [MESSAGE][INFO] - Finding web element from Test Object's properties

24-06-2025T15:37:57 - [MESSAGE][INFO] - Checking timeout

24-06-2025T15:37:57 - [MESSAGE][INFO] - Finding web element with id: 'Object Repository/CURA Healthcare Service/Home Page/h2_Make Appointment' located by 'By.xpath: //section[@id='appointment']/div/div/div/h2' in '30' second(s)

24-06-2025T15:37:57 - [MESSAGE][INFO] - Smart Wait Function is triggered

24-06-2025T15:37:57 - [MESSAGE][INFO] - Found 1 web elements with id: 'Object Repository/CURA Healthcare Service/Home Page/h2_Make Appointment' located by 'By.xpath: //section[@id='appointment']/div/div/div/h2' in '30' second(s)

24-06-2025T15:37:57 - [MESSAGE][PASSED] - Actual text and expected text of test object 'Object Repository/CURA Healthcare Service/Home Page/h2_Make Appointment' are matched.]]></system-out>
         <system-err><![CDATA[]]></system-err>
      </testcase>
      <testcase name="Test Cases/Week 1 - Kickstart Test Automation/Check User Profile" time="16.842" classname="Test Cases/Week 1 - Kickstart Test Automation/Check User Profile" status="PASSED">
         <system-out><![CDATA[24-06-2025T15:37:59 - [TEST_CASE][PASSED] - Test Cases/Week 1 - Kickstart Test Automation/Check User Profile: Test Cases/Week 1 - Kickstart Test Automation/Check User Profile

24-06-2025T15:37:59 - [TEST_STEP][PASSED] - callTestCase(findTestCase("Reusable Modules/Login"), ["UserName":findTestData("User Credentials - Internal").getValue("UserName", 1), "Password":findTestData("User Credentials - Internal").getValue("Password", 1)], STOP_ON_FAILURE): Call Test Case 'Test Cases/Reusable Modules/Login' successfully

24-06-2025T15:37:59 - [MESSAGE][INFO] - Checking test data id

24-06-2025T15:37:59 - [MESSAGE][INFO] - Finding test data with id 'Data Files/User Credentials - Internal'

24-06-2025T15:37:59 - [MESSAGE][INFO] - Test data is internal data, reading internal data

24-06-2025T15:37:59 - [MESSAGE][INFO] - Checking test data id

24-06-2025T15:37:59 - [MESSAGE][INFO] - Finding test data with id 'Data Files/User Credentials - Internal'

24-06-2025T15:37:59 - [MESSAGE][INFO] - Test data is internal data, reading internal data

24-06-2025T15:38:00 - [MESSAGE][INFO] - Checking called Test Case

24-06-2025T15:38:00 - [MESSAGE][INFO] - Starting to call Test Case 'Test Cases/Reusable Modules/Login'

24-06-2025T15:38:00 - [TEST_CASE][PASSED] - Test Cases/Reusable Modules/Login: Test Cases/Reusable Modules/Login

24-06-2025T15:38:00 - [TEST_STEP][PASSED] - openBrowser(""): Browser is opened with url: ''

24-06-2025T15:38:00 - [MESSAGE][INFO] - Opening browser

24-06-2025T15:38:00 - [MESSAGE][WARNING] - A browser is already opened. Closing browser and opening a new one

24-06-2025T15:38:01 - [MESSAGE][INFO] - Starting 'Firefox' driver

24-06-2025T15:38:01 - [MESSAGE][INFO] - Action delay is set to 0 milliseconds

24-06-2025T15:38:07 - [MESSAGE][PASSED] - Browser is opened with url: ''

24-06-2025T15:38:07 - [TEST_STEP][PASSED] - navigateToUrl(G_MainURL): Navigate to 'https://katalon-demo-cura.herokuapp.com/' successfully

24-06-2025T15:38:07 - [MESSAGE][INFO] - Checking url

24-06-2025T15:38:07 - [MESSAGE][INFO] - Navigating to 'https://katalon-demo-cura.herokuapp.com/'

24-06-2025T15:38:09 - [MESSAGE][PASSED] - Navigate to 'https://katalon-demo-cura.herokuapp.com/' successfully

24-06-2025T15:38:09 - [TEST_STEP][PASSED] - click(findTestObject("Object Repository/CURA Healthcare Service/Home Page/a_Make Appointment")): Object: 'Object Repository/CURA Healthcare Service/Home Page/a_Make Appointment' is clicked on

24-06-2025T15:38:09 - [MESSAGE][INFO] - Finding Test Object 'Object Repository/CURA Healthcare Service/Home Page/a_Make Appointment'

24-06-2025T15:38:09 - [MESSAGE][INFO] - Checking object

24-06-2025T15:38:09 - [MESSAGE][INFO] - Checking timeout

24-06-2025T15:38:09 - [MESSAGE][INFO] - Finding web element from Test Object's properties

24-06-2025T15:38:09 - [MESSAGE][INFO] - Checking timeout

24-06-2025T15:38:09 - [MESSAGE][INFO] - Finding web element with id: 'Object Repository/CURA Healthcare Service/Home Page/a_Make Appointment' located by 'By.xpath: //a[@id='btn-make-appointment']' in '30' second(s)

24-06-2025T15:38:09 - [MESSAGE][INFO] - Smart Wait Function is triggered

24-06-2025T15:38:09 - [MESSAGE][INFO] - Found 1 web elements with id: 'Object Repository/CURA Healthcare Service/Home Page/a_Make Appointment' located by 'By.xpath: //a[@id='btn-make-appointment']' in '30' second(s)

24-06-2025T15:38:09 - [MESSAGE][INFO] - Clicking on object: 'Object Repository/CURA Healthcare Service/Home Page/a_Make Appointment'

24-06-2025T15:38:10 - [MESSAGE][PASSED] - Object: 'Object Repository/CURA Healthcare Service/Home Page/a_Make Appointment' is clicked on

24-06-2025T15:38:10 - [TEST_STEP][PASSED] - if (!(UserName)): null

24-06-2025T15:38:10 - [TEST_STEP][PASSED] - if (!(Password)): null

24-06-2025T15:38:10 - [TEST_STEP][PASSED] - setText(findTestObject("Object Repository/CURA Healthcare Service/Login/input_Username_username"), UserName): Text 'John Doe' is set on object 'Object Repository/CURA Healthcare Service/Login/input_Username_username'

24-06-2025T15:38:10 - [MESSAGE][INFO] - Finding Test Object 'Object Repository/CURA Healthcare Service/Login/input_Username_username'

24-06-2025T15:38:10 - [MESSAGE][INFO] - Checking object

24-06-2025T15:38:10 - [MESSAGE][INFO] - Checking text

24-06-2025T15:38:10 - [MESSAGE][INFO] - Finding web element from Test Object's properties

24-06-2025T15:38:10 - [MESSAGE][INFO] - Checking timeout

24-06-2025T15:38:10 - [MESSAGE][INFO] - Finding web element with id: 'Object Repository/CURA Healthcare Service/Login/input_Username_username' located by 'By.xpath: //input[@id='txt-username']' in '30' second(s)

24-06-2025T15:38:10 - [MESSAGE][INFO] - Smart Wait Function is triggered

24-06-2025T15:38:10 - [MESSAGE][INFO] - Found 1 web elements with id: 'Object Repository/CURA Healthcare Service/Login/input_Username_username' located by 'By.xpath: //input[@id='txt-username']' in '30' second(s)

24-06-2025T15:38:10 - [MESSAGE][INFO] - Clearing text of object 'Object Repository/CURA Healthcare Service/Login/input_Username_username'

24-06-2025T15:38:10 - [MESSAGE][INFO] - Finding web element from Test Object's properties

24-06-2025T15:38:10 - [MESSAGE][INFO] - Checking timeout

24-06-2025T15:38:10 - [MESSAGE][INFO] - Finding web element with id: 'Object Repository/CURA Healthcare Service/Login/input_Username_username' located by 'By.xpath: //input[@id='txt-username']' in '30' second(s)

24-06-2025T15:38:10 - [MESSAGE][INFO] - Smart Wait Function is triggered

24-06-2025T15:38:11 - [MESSAGE][INFO] - Found 1 web elements with id: 'Object Repository/CURA Healthcare Service/Login/input_Username_username' located by 'By.xpath: //input[@id='txt-username']' in '30' second(s)

24-06-2025T15:38:11 - [MESSAGE][INFO] - Setting text of object 'Object Repository/CURA Healthcare Service/Login/input_Username_username' to value 'John Doe'

24-06-2025T15:38:11 - [MESSAGE][PASSED] - Text 'John Doe' is set on object 'Object Repository/CURA Healthcare Service/Login/input_Username_username'

24-06-2025T15:38:11 - [TEST_STEP][PASSED] - setEncryptedText(findTestObject("Object Repository/CURA Healthcare Service/Login/input_Password_password"), Auth.EncryptText(Password)): Text ****** has been set on object 'Object Repository/CURA Healthcare Service/Login/input_Password_password'

24-06-2025T15:38:11 - [MESSAGE][INFO] - Finding Test Object 'Object Repository/CURA Healthcare Service/Login/input_Password_password'

24-06-2025T15:38:11 - [MESSAGE][PASSED] - Auth.EncryptText is PASSED

24-06-2025T15:38:11 - [MESSAGE][INFO] - Checking object

24-06-2025T15:38:11 - [MESSAGE][INFO] - Checking text

24-06-2025T15:38:11 - [MESSAGE][INFO] - Finding web element from Test Object's properties

24-06-2025T15:38:11 - [MESSAGE][INFO] - Checking timeout

24-06-2025T15:38:11 - [MESSAGE][INFO] - Finding web element with id: 'Object Repository/CURA Healthcare Service/Login/input_Password_password' located by 'By.xpath: //input[@id='txt-password']' in '30' second(s)

24-06-2025T15:38:11 - [MESSAGE][INFO] - Smart Wait Function is triggered

24-06-2025T15:38:11 - [MESSAGE][INFO] - Found 1 web elements with id: 'Object Repository/CURA Healthcare Service/Login/input_Password_password' located by 'By.xpath: //input[@id='txt-password']' in '30' second(s)

24-06-2025T15:38:11 - [MESSAGE][INFO] - Clearing text of object 'Object Repository/CURA Healthcare Service/Login/input_Password_password'

24-06-2025T15:38:11 - [MESSAGE][INFO] - Setting  text of object 'Object Repository/CURA Healthcare Service/Login/input_Password_password' to value ******

24-06-2025T15:38:11 - [MESSAGE][PASSED] - Text ****** has been set on object 'Object Repository/CURA Healthcare Service/Login/input_Password_password'

24-06-2025T15:38:11 - [TEST_STEP][PASSED] - click(findTestObject("Object Repository/CURA Healthcare Service/Login/button_Login")): Object: 'Object Repository/CURA Healthcare Service/Login/button_Login' is clicked on

24-06-2025T15:38:11 - [MESSAGE][INFO] - Finding Test Object 'Object Repository/CURA Healthcare Service/Login/button_Login'

24-06-2025T15:38:11 - [MESSAGE][INFO] - Checking object

24-06-2025T15:38:11 - [MESSAGE][INFO] - Checking timeout

24-06-2025T15:38:11 - [MESSAGE][INFO] - Finding web element from Test Object's properties

24-06-2025T15:38:11 - [MESSAGE][INFO] - Checking timeout

24-06-2025T15:38:11 - [MESSAGE][INFO] - Finding web element with id: 'Object Repository/CURA Healthcare Service/Login/button_Login' located by 'By.xpath: //button[@id='btn-login']' in '30' second(s)

24-06-2025T15:38:11 - [MESSAGE][INFO] - Smart Wait Function is triggered

24-06-2025T15:38:11 - [MESSAGE][INFO] - Found 1 web elements with id: 'Object Repository/CURA Healthcare Service/Login/button_Login' located by 'By.xpath: //button[@id='btn-login']' in '30' second(s)

24-06-2025T15:38:11 - [MESSAGE][INFO] - Clicking on object: 'Object Repository/CURA Healthcare Service/Login/button_Login'

24-06-2025T15:38:12 - [MESSAGE][PASSED] - Object: 'Object Repository/CURA Healthcare Service/Login/button_Login' is clicked on

24-06-2025T15:38:12 - [TEST_STEP][PASSED] - verifyElementText(findTestObject("Object Repository/CURA Healthcare Service/Home Page/h2_Make Appointment"), "Make Appointment"): Actual text and expected text of test object 'Object Repository/CURA Healthcare Service/Home Page/h2_Make Appointment' are matched.

24-06-2025T15:38:12 - [MESSAGE][INFO] - Finding Test Object 'Object Repository/CURA Healthcare Service/Home Page/h2_Make Appointment'

24-06-2025T15:38:12 - [MESSAGE][INFO] - Checking object

24-06-2025T15:38:12 - [MESSAGE][INFO] - Finding web element from Test Object's properties

24-06-2025T15:38:12 - [MESSAGE][INFO] - Checking timeout

24-06-2025T15:38:12 - [MESSAGE][INFO] - Finding web element with id: 'Object Repository/CURA Healthcare Service/Home Page/h2_Make Appointment' located by 'By.xpath: //section[@id='appointment']/div/div/div/h2' in '30' second(s)

24-06-2025T15:38:12 - [MESSAGE][INFO] - Smart Wait Function is triggered

24-06-2025T15:38:12 - [MESSAGE][INFO] - Found 1 web elements with id: 'Object Repository/CURA Healthcare Service/Home Page/h2_Make Appointment' located by 'By.xpath: //section[@id='appointment']/div/div/div/h2' in '30' second(s)

24-06-2025T15:38:12 - [MESSAGE][PASSED] - Actual text and expected text of test object 'Object Repository/CURA Healthcare Service/Home Page/h2_Make Appointment' are matched.

24-06-2025T15:38:13 - [MESSAGE][PASSED] - Call Test Case 'Test Cases/Reusable Modules/Login' successfully

24-06-2025T15:38:13 - [TEST_STEP][PASSED] - click(findTestObject("Object Repository/CURA Healthcare Service/Home Page/i_fa fa-bars")): Object: 'Object Repository/CURA Healthcare Service/Home Page/i_fa fa-bars' is clicked on

24-06-2025T15:38:13 - [MESSAGE][INFO] - Finding Test Object 'Object Repository/CURA Healthcare Service/Home Page/i_fa fa-bars'

24-06-2025T15:38:13 - [MESSAGE][INFO] - Checking object

24-06-2025T15:38:13 - [MESSAGE][INFO] - Checking timeout

24-06-2025T15:38:13 - [MESSAGE][INFO] - Finding web element from Test Object's properties

24-06-2025T15:38:13 - [MESSAGE][INFO] - Checking timeout

24-06-2025T15:38:13 - [MESSAGE][INFO] - Finding web element with id: 'Object Repository/CURA Healthcare Service/Home Page/i_fa fa-bars' located by 'By.xpath: //*[@class and contains(concat(' ', normalize-space(@class), ' '), ' fa-bars ')]' in '30' second(s)

24-06-2025T15:38:13 - [MESSAGE][INFO] - Smart Wait Function is triggered

24-06-2025T15:38:13 - [MESSAGE][INFO] - Found 1 web elements with id: 'Object Repository/CURA Healthcare Service/Home Page/i_fa fa-bars' located by 'By.xpath: //*[@class and contains(concat(' ', normalize-space(@class), ' '), ' fa-bars ')]' in '30' second(s)

24-06-2025T15:38:13 - [MESSAGE][INFO] - Clicking on object: 'Object Repository/CURA Healthcare Service/Home Page/i_fa fa-bars'

24-06-2025T15:38:13 - [MESSAGE][PASSED] - Object: 'Object Repository/CURA Healthcare Service/Home Page/i_fa fa-bars' is clicked on

24-06-2025T15:38:13 - [TEST_STEP][PASSED] - click(findTestObject("Object Repository/CURA Healthcare Service/Home Page/a_Profile")): Object: 'Object Repository/CURA Healthcare Service/Home Page/a_Profile' is clicked on

24-06-2025T15:38:13 - [MESSAGE][INFO] - Finding Test Object 'Object Repository/CURA Healthcare Service/Home Page/a_Profile'

24-06-2025T15:38:13 - [MESSAGE][INFO] - Checking object

24-06-2025T15:38:13 - [MESSAGE][INFO] - Checking timeout

24-06-2025T15:38:13 - [MESSAGE][INFO] - Finding web element from Test Object's properties

24-06-2025T15:38:13 - [MESSAGE][INFO] - Checking timeout

24-06-2025T15:38:13 - [MESSAGE][INFO] - Finding web element with id: 'Object Repository/CURA Healthcare Service/Home Page/a_Profile' located by 'By.xpath: //*[@href = 'profile.php#profile']' in '30' second(s)

24-06-2025T15:38:13 - [MESSAGE][INFO] - Smart Wait Function is triggered

24-06-2025T15:38:13 - [MESSAGE][INFO] - Found 1 web elements with id: 'Object Repository/CURA Healthcare Service/Home Page/a_Profile' located by 'By.xpath: //*[@href = 'profile.php#profile']' in '30' second(s)

24-06-2025T15:38:13 - [MESSAGE][INFO] - Clicking on object: 'Object Repository/CURA Healthcare Service/Home Page/a_Profile'

24-06-2025T15:38:14 - [MESSAGE][PASSED] - Object: 'Object Repository/CURA Healthcare Service/Home Page/a_Profile' is clicked on

24-06-2025T15:38:14 - [TEST_STEP][PASSED] - verifyElementText(findTestObject("Object Repository/CURA Healthcare Service/Home Page/h2_Profile"), "Profile"): Actual text and expected text of test object 'Object Repository/CURA Healthcare Service/Home Page/h2_Profile' are matched.

24-06-2025T15:38:14 - [MESSAGE][INFO] - Finding Test Object 'Object Repository/CURA Healthcare Service/Home Page/h2_Profile'

24-06-2025T15:38:14 - [MESSAGE][INFO] - Checking object

24-06-2025T15:38:14 - [MESSAGE][INFO] - Finding web element from Test Object's properties

24-06-2025T15:38:14 - [MESSAGE][INFO] - Checking timeout

24-06-2025T15:38:14 - [MESSAGE][INFO] - Finding web element with id: 'Object Repository/CURA Healthcare Service/Home Page/h2_Profile' located by 'By.xpath: //h2' in '30' second(s)

24-06-2025T15:38:14 - [MESSAGE][INFO] - Smart Wait Function is triggered

24-06-2025T15:38:14 - [MESSAGE][INFO] - Found 1 web elements with id: 'Object Repository/CURA Healthcare Service/Home Page/h2_Profile' located by 'By.xpath: //h2' in '30' second(s)

24-06-2025T15:38:14 - [MESSAGE][PASSED] - Actual text and expected text of test object 'Object Repository/CURA Healthcare Service/Home Page/h2_Profile' are matched.]]></system-out>
         <system-err><![CDATA[]]></system-err>
      </testcase>
      <testcase name="Test Cases/Week 1 - Kickstart Test Automation/Logout User" time="18.044" classname="Test Cases/Week 1 - Kickstart Test Automation/Logout User" status="PASSED">
         <system-out><![CDATA[24-06-2025T15:38:16 - [TEST_CASE][PASSED] - Test Cases/Week 1 - Kickstart Test Automation/Logout User: Test Cases/Week 1 - Kickstart Test Automation/Logout User

24-06-2025T15:38:16 - [TEST_STEP][PASSED] - callTestCase(findTestCase("Reusable Modules/Login"), ["UserName":findTestData("Valid User Credentials").getValue("UserName", 1), "Password":findTestData("Valid User Credentials").getValue("Password", 1)], STOP_ON_FAILURE): Call Test Case 'Test Cases/Reusable Modules/Login' successfully

24-06-2025T15:38:16 - [MESSAGE][INFO] - Checking test data id

24-06-2025T15:38:16 - [MESSAGE][INFO] - Finding test data with id 'Data Files/Valid User Credentials'

24-06-2025T15:38:16 - [MESSAGE][INFO] - Test data is excel file, reading excel file

24-06-2025T15:38:16 - [MESSAGE][INFO] - Reading excel file with source file 'C:\Users\user\Documents\Valid User Credentials.xlsx' and sheet name 'Sheet1'

24-06-2025T15:38:17 - [MESSAGE][INFO] - Checking test data id

24-06-2025T15:38:17 - [MESSAGE][INFO] - Finding test data with id 'Data Files/Valid User Credentials'

24-06-2025T15:38:17 - [MESSAGE][INFO] - Test data is excel file, reading excel file

24-06-2025T15:38:17 - [MESSAGE][INFO] - Reading excel file with source file 'C:\Users\user\Documents\Valid User Credentials.xlsx' and sheet name 'Sheet1'

24-06-2025T15:38:17 - [MESSAGE][INFO] - Checking called Test Case

24-06-2025T15:38:17 - [MESSAGE][INFO] - Starting to call Test Case 'Test Cases/Reusable Modules/Login'

24-06-2025T15:38:17 - [TEST_CASE][PASSED] - Test Cases/Reusable Modules/Login: Test Cases/Reusable Modules/Login

24-06-2025T15:38:17 - [TEST_STEP][PASSED] - openBrowser(""): Browser is opened with url: ''

24-06-2025T15:38:17 - [MESSAGE][INFO] - Opening browser

24-06-2025T15:38:17 - [MESSAGE][WARNING] - A browser is already opened. Closing browser and opening a new one

24-06-2025T15:38:18 - [MESSAGE][INFO] - Starting 'Firefox' driver

24-06-2025T15:38:18 - [MESSAGE][INFO] - Action delay is set to 0 milliseconds

24-06-2025T15:38:23 - [MESSAGE][PASSED] - Browser is opened with url: ''

24-06-2025T15:38:23 - [TEST_STEP][PASSED] - navigateToUrl(G_MainURL): Navigate to 'https://katalon-demo-cura.herokuapp.com/' successfully

24-06-2025T15:38:23 - [MESSAGE][INFO] - Checking url

24-06-2025T15:38:23 - [MESSAGE][INFO] - Navigating to 'https://katalon-demo-cura.herokuapp.com/'

24-06-2025T15:38:27 - [MESSAGE][PASSED] - Navigate to 'https://katalon-demo-cura.herokuapp.com/' successfully

24-06-2025T15:38:27 - [TEST_STEP][PASSED] - click(findTestObject("Object Repository/CURA Healthcare Service/Home Page/a_Make Appointment")): Object: 'Object Repository/CURA Healthcare Service/Home Page/a_Make Appointment' is clicked on

24-06-2025T15:38:27 - [MESSAGE][INFO] - Finding Test Object 'Object Repository/CURA Healthcare Service/Home Page/a_Make Appointment'

24-06-2025T15:38:27 - [MESSAGE][INFO] - Checking object

24-06-2025T15:38:27 - [MESSAGE][INFO] - Checking timeout

24-06-2025T15:38:27 - [MESSAGE][INFO] - Finding web element from Test Object's properties

24-06-2025T15:38:27 - [MESSAGE][INFO] - Checking timeout

24-06-2025T15:38:27 - [MESSAGE][INFO] - Finding web element with id: 'Object Repository/CURA Healthcare Service/Home Page/a_Make Appointment' located by 'By.xpath: //a[@id='btn-make-appointment']' in '30' second(s)

24-06-2025T15:38:27 - [MESSAGE][INFO] - Smart Wait Function is triggered

24-06-2025T15:38:27 - [MESSAGE][INFO] - Found 1 web elements with id: 'Object Repository/CURA Healthcare Service/Home Page/a_Make Appointment' located by 'By.xpath: //a[@id='btn-make-appointment']' in '30' second(s)

24-06-2025T15:38:27 - [MESSAGE][INFO] - Clicking on object: 'Object Repository/CURA Healthcare Service/Home Page/a_Make Appointment'

24-06-2025T15:38:28 - [MESSAGE][PASSED] - Object: 'Object Repository/CURA Healthcare Service/Home Page/a_Make Appointment' is clicked on

24-06-2025T15:38:28 - [TEST_STEP][PASSED] - if (!(UserName)): null

24-06-2025T15:38:28 - [TEST_STEP][PASSED] - if (!(Password)): null

24-06-2025T15:38:28 - [TEST_STEP][PASSED] - setText(findTestObject("Object Repository/CURA Healthcare Service/Login/input_Username_username"), UserName): Text 'John Doe' is set on object 'Object Repository/CURA Healthcare Service/Login/input_Username_username'

24-06-2025T15:38:28 - [MESSAGE][INFO] - Finding Test Object 'Object Repository/CURA Healthcare Service/Login/input_Username_username'

24-06-2025T15:38:28 - [MESSAGE][INFO] - Checking object

24-06-2025T15:38:28 - [MESSAGE][INFO] - Checking text

24-06-2025T15:38:28 - [MESSAGE][INFO] - Finding web element from Test Object's properties

24-06-2025T15:38:28 - [MESSAGE][INFO] - Checking timeout

24-06-2025T15:38:28 - [MESSAGE][INFO] - Finding web element with id: 'Object Repository/CURA Healthcare Service/Login/input_Username_username' located by 'By.xpath: //input[@id='txt-username']' in '30' second(s)

24-06-2025T15:38:28 - [MESSAGE][INFO] - Smart Wait Function is triggered

24-06-2025T15:38:28 - [MESSAGE][INFO] - Found 1 web elements with id: 'Object Repository/CURA Healthcare Service/Login/input_Username_username' located by 'By.xpath: //input[@id='txt-username']' in '30' second(s)

24-06-2025T15:38:28 - [MESSAGE][INFO] - Clearing text of object 'Object Repository/CURA Healthcare Service/Login/input_Username_username'

24-06-2025T15:38:28 - [MESSAGE][INFO] - Finding web element from Test Object's properties

24-06-2025T15:38:28 - [MESSAGE][INFO] - Checking timeout

24-06-2025T15:38:28 - [MESSAGE][INFO] - Finding web element with id: 'Object Repository/CURA Healthcare Service/Login/input_Username_username' located by 'By.xpath: //input[@id='txt-username']' in '30' second(s)

24-06-2025T15:38:28 - [MESSAGE][INFO] - Smart Wait Function is triggered

24-06-2025T15:38:28 - [MESSAGE][INFO] - Found 1 web elements with id: 'Object Repository/CURA Healthcare Service/Login/input_Username_username' located by 'By.xpath: //input[@id='txt-username']' in '30' second(s)

24-06-2025T15:38:28 - [MESSAGE][INFO] - Setting text of object 'Object Repository/CURA Healthcare Service/Login/input_Username_username' to value 'John Doe'

24-06-2025T15:38:28 - [MESSAGE][PASSED] - Text 'John Doe' is set on object 'Object Repository/CURA Healthcare Service/Login/input_Username_username'

24-06-2025T15:38:28 - [TEST_STEP][PASSED] - setEncryptedText(findTestObject("Object Repository/CURA Healthcare Service/Login/input_Password_password"), Auth.EncryptText(Password)): Text ****** has been set on object 'Object Repository/CURA Healthcare Service/Login/input_Password_password'

24-06-2025T15:38:28 - [MESSAGE][INFO] - Finding Test Object 'Object Repository/CURA Healthcare Service/Login/input_Password_password'

24-06-2025T15:38:28 - [MESSAGE][PASSED] - Auth.EncryptText is PASSED

24-06-2025T15:38:28 - [MESSAGE][INFO] - Checking object

24-06-2025T15:38:28 - [MESSAGE][INFO] - Checking text

24-06-2025T15:38:28 - [MESSAGE][INFO] - Finding web element from Test Object's properties

24-06-2025T15:38:28 - [MESSAGE][INFO] - Checking timeout

24-06-2025T15:38:28 - [MESSAGE][INFO] - Finding web element with id: 'Object Repository/CURA Healthcare Service/Login/input_Password_password' located by 'By.xpath: //input[@id='txt-password']' in '30' second(s)

24-06-2025T15:38:28 - [MESSAGE][INFO] - Smart Wait Function is triggered

24-06-2025T15:38:29 - [MESSAGE][INFO] - Found 1 web elements with id: 'Object Repository/CURA Healthcare Service/Login/input_Password_password' located by 'By.xpath: //input[@id='txt-password']' in '30' second(s)

24-06-2025T15:38:29 - [MESSAGE][INFO] - Clearing text of object 'Object Repository/CURA Healthcare Service/Login/input_Password_password'

24-06-2025T15:38:29 - [MESSAGE][INFO] - Setting  text of object 'Object Repository/CURA Healthcare Service/Login/input_Password_password' to value ******

24-06-2025T15:38:29 - [MESSAGE][PASSED] - Text ****** has been set on object 'Object Repository/CURA Healthcare Service/Login/input_Password_password'

24-06-2025T15:38:29 - [TEST_STEP][PASSED] - click(findTestObject("Object Repository/CURA Healthcare Service/Login/button_Login")): Object: 'Object Repository/CURA Healthcare Service/Login/button_Login' is clicked on

24-06-2025T15:38:29 - [MESSAGE][INFO] - Finding Test Object 'Object Repository/CURA Healthcare Service/Login/button_Login'

24-06-2025T15:38:29 - [MESSAGE][INFO] - Checking object

24-06-2025T15:38:29 - [MESSAGE][INFO] - Checking timeout

24-06-2025T15:38:29 - [MESSAGE][INFO] - Finding web element from Test Object's properties

24-06-2025T15:38:29 - [MESSAGE][INFO] - Checking timeout

24-06-2025T15:38:29 - [MESSAGE][INFO] - Finding web element with id: 'Object Repository/CURA Healthcare Service/Login/button_Login' located by 'By.xpath: //button[@id='btn-login']' in '30' second(s)

24-06-2025T15:38:29 - [MESSAGE][INFO] - Smart Wait Function is triggered

24-06-2025T15:38:29 - [MESSAGE][INFO] - Found 1 web elements with id: 'Object Repository/CURA Healthcare Service/Login/button_Login' located by 'By.xpath: //button[@id='btn-login']' in '30' second(s)

24-06-2025T15:38:29 - [MESSAGE][INFO] - Clicking on object: 'Object Repository/CURA Healthcare Service/Login/button_Login'

24-06-2025T15:38:29 - [MESSAGE][PASSED] - Object: 'Object Repository/CURA Healthcare Service/Login/button_Login' is clicked on

24-06-2025T15:38:29 - [TEST_STEP][PASSED] - verifyElementText(findTestObject("Object Repository/CURA Healthcare Service/Home Page/h2_Make Appointment"), "Make Appointment"): Actual text and expected text of test object 'Object Repository/CURA Healthcare Service/Home Page/h2_Make Appointment' are matched.

24-06-2025T15:38:29 - [MESSAGE][INFO] - Finding Test Object 'Object Repository/CURA Healthcare Service/Home Page/h2_Make Appointment'

24-06-2025T15:38:29 - [MESSAGE][INFO] - Checking object

24-06-2025T15:38:29 - [MESSAGE][INFO] - Finding web element from Test Object's properties

24-06-2025T15:38:29 - [MESSAGE][INFO] - Checking timeout

24-06-2025T15:38:29 - [MESSAGE][INFO] - Finding web element with id: 'Object Repository/CURA Healthcare Service/Home Page/h2_Make Appointment' located by 'By.xpath: //section[@id='appointment']/div/div/div/h2' in '30' second(s)

24-06-2025T15:38:29 - [MESSAGE][INFO] - Smart Wait Function is triggered

24-06-2025T15:38:30 - [MESSAGE][INFO] - Found 1 web elements with id: 'Object Repository/CURA Healthcare Service/Home Page/h2_Make Appointment' located by 'By.xpath: //section[@id='appointment']/div/div/div/h2' in '30' second(s)

24-06-2025T15:38:30 - [MESSAGE][PASSED] - Actual text and expected text of test object 'Object Repository/CURA Healthcare Service/Home Page/h2_Make Appointment' are matched.

24-06-2025T15:38:30 - [MESSAGE][PASSED] - Call Test Case 'Test Cases/Reusable Modules/Login' successfully

24-06-2025T15:38:30 - [TEST_STEP][PASSED] - callTestCase(findTestCase("Reusable Modules/Logout"), [:], STOP_ON_FAILURE): Call Test Case 'Test Cases/Reusable Modules/Logout' successfully

24-06-2025T15:38:30 - [MESSAGE][INFO] - Checking called Test Case

24-06-2025T15:38:30 - [MESSAGE][INFO] - Starting to call Test Case 'Test Cases/Reusable Modules/Logout'

24-06-2025T15:38:30 - [TEST_CASE][PASSED] - Test Cases/Reusable Modules/Logout: Test Cases/Reusable Modules/Logout

24-06-2025T15:38:30 - [TEST_STEP][PASSED] - click(findTestObject("Object Repository/CURA Healthcare Service/Logout/i_CURA Healthcare_fa fa-bars")): Object: 'Object Repository/CURA Healthcare Service/Logout/i_CURA Healthcare_fa fa-bars' is clicked on

24-06-2025T15:38:30 - [MESSAGE][INFO] - Finding Test Object 'Object Repository/CURA Healthcare Service/Logout/i_CURA Healthcare_fa fa-bars'

24-06-2025T15:38:30 - [MESSAGE][INFO] - Checking object

24-06-2025T15:38:30 - [MESSAGE][INFO] - Checking timeout

24-06-2025T15:38:30 - [MESSAGE][INFO] - Finding web element from Test Object's properties

24-06-2025T15:38:30 - [MESSAGE][INFO] - Checking timeout

24-06-2025T15:38:30 - [MESSAGE][INFO] - Finding web element with id: 'Object Repository/CURA Healthcare Service/Logout/i_CURA Healthcare_fa fa-bars' located by 'By.xpath: //a[@id='menu-toggle']/i' in '30' second(s)

24-06-2025T15:38:30 - [MESSAGE][INFO] - Smart Wait Function is triggered

24-06-2025T15:38:30 - [MESSAGE][INFO] - Found 1 web elements with id: 'Object Repository/CURA Healthcare Service/Logout/i_CURA Healthcare_fa fa-bars' located by 'By.xpath: //a[@id='menu-toggle']/i' in '30' second(s)

24-06-2025T15:38:30 - [MESSAGE][INFO] - Clicking on object: 'Object Repository/CURA Healthcare Service/Logout/i_CURA Healthcare_fa fa-bars'

24-06-2025T15:38:31 - [MESSAGE][PASSED] - Object: 'Object Repository/CURA Healthcare Service/Logout/i_CURA Healthcare_fa fa-bars' is clicked on

24-06-2025T15:38:31 - [TEST_STEP][PASSED] - click(findTestObject("Object Repository/CURA Healthcare Service/Logout/a_Logout")): Object: 'Object Repository/CURA Healthcare Service/Logout/a_Logout' is clicked on

24-06-2025T15:38:31 - [MESSAGE][INFO] - Finding Test Object 'Object Repository/CURA Healthcare Service/Logout/a_Logout'

24-06-2025T15:38:31 - [MESSAGE][INFO] - Checking object

24-06-2025T15:38:31 - [MESSAGE][INFO] - Checking timeout

24-06-2025T15:38:31 - [MESSAGE][INFO] - Finding web element from Test Object's properties

24-06-2025T15:38:31 - [MESSAGE][INFO] - Checking timeout

24-06-2025T15:38:31 - [MESSAGE][INFO] - Finding web element with id: 'Object Repository/CURA Healthcare Service/Logout/a_Logout' located by 'By.xpath: (//a[@onclick="$('#menu-close').click();"])[5]' in '30' second(s)

24-06-2025T15:38:31 - [MESSAGE][INFO] - Smart Wait Function is triggered

24-06-2025T15:38:31 - [MESSAGE][INFO] - Found 1 web elements with id: 'Object Repository/CURA Healthcare Service/Logout/a_Logout' located by 'By.xpath: (//a[@onclick="$('#menu-close').click();"])[5]' in '30' second(s)

24-06-2025T15:38:31 - [MESSAGE][INFO] - Clicking on object: 'Object Repository/CURA Healthcare Service/Logout/a_Logout'

24-06-2025T15:38:31 - [MESSAGE][PASSED] - Object: 'Object Repository/CURA Healthcare Service/Logout/a_Logout' is clicked on

24-06-2025T15:38:31 - [TEST_STEP][PASSED] - navigateToUrl(G_MainURL): Navigate to 'https://katalon-demo-cura.herokuapp.com/' successfully

24-06-2025T15:38:31 - [MESSAGE][INFO] - Checking url

24-06-2025T15:38:31 - [MESSAGE][INFO] - Navigating to 'https://katalon-demo-cura.herokuapp.com/'

24-06-2025T15:38:32 - [MESSAGE][PASSED] - Navigate to 'https://katalon-demo-cura.herokuapp.com/' successfully

24-06-2025T15:38:32 - [TEST_STEP][PASSED] - verifyElementText(findTestObject("Object Repository/CURA Healthcare Service/Home Page/h1_CURA Healthcare Service"), "CURA Healthcare Service"): Actual text and expected text of test object 'Object Repository/CURA Healthcare Service/Home Page/h1_CURA Healthcare Service' are matched.

24-06-2025T15:38:32 - [MESSAGE][INFO] - Finding Test Object 'Object Repository/CURA Healthcare Service/Home Page/h1_CURA Healthcare Service'

24-06-2025T15:38:32 - [MESSAGE][INFO] - Checking object

24-06-2025T15:38:32 - [MESSAGE][INFO] - Finding web element from Test Object's properties

24-06-2025T15:38:32 - [MESSAGE][INFO] - Checking timeout

24-06-2025T15:38:32 - [MESSAGE][INFO] - Finding web element with id: 'Object Repository/CURA Healthcare Service/Home Page/h1_CURA Healthcare Service' located by 'By.xpath: //header[@id='top']/div/h1' in '30' second(s)

24-06-2025T15:38:32 - [MESSAGE][INFO] - Smart Wait Function is triggered

24-06-2025T15:38:32 - [MESSAGE][INFO] - Found 1 web elements with id: 'Object Repository/CURA Healthcare Service/Home Page/h1_CURA Healthcare Service' located by 'By.xpath: //header[@id='top']/div/h1' in '30' second(s)

24-06-2025T15:38:32 - [MESSAGE][PASSED] - Actual text and expected text of test object 'Object Repository/CURA Healthcare Service/Home Page/h1_CURA Healthcare Service' are matched.

24-06-2025T15:38:32 - [MESSAGE][PASSED] - Call Test Case 'Test Cases/Reusable Modules/Logout' successfully]]></system-out>
         <system-err><![CDATA[]]></system-err>
      </testcase>
      <testcase name="Test Cases/Week 1 - Kickstart Test Automation/Reserve A Medical Appointment" time="24.435" classname="Test Cases/Week 1 - Kickstart Test Automation/Reserve A Medical Appointment" status="PASSED">
         <system-out><![CDATA[24-06-2025T15:38:34 - [TEST_CASE][PASSED] - Test Cases/Week 1 - Kickstart Test Automation/Reserve A Medical Appointment: Test Cases/Week 1 - Kickstart Test Automation/Reserve A Medical Appointment

24-06-2025T15:38:34 - [TEST_STEP][PASSED] - callTestCase(findTestCase("Reusable Modules/Login"), ["UserName":findTestData("Valid User Credentials").getValue("UserName", 1), "Password":findTestData("Valid User Credentials").getValue("Password", 1)], STOP_ON_FAILURE): Call Test Case 'Test Cases/Reusable Modules/Login' successfully

24-06-2025T15:38:34 - [MESSAGE][INFO] - Checking test data id

24-06-2025T15:38:34 - [MESSAGE][INFO] - Finding test data with id 'Data Files/Valid User Credentials'

24-06-2025T15:38:34 - [MESSAGE][INFO] - Test data is excel file, reading excel file

24-06-2025T15:38:34 - [MESSAGE][INFO] - Reading excel file with source file 'C:\Users\user\Documents\Valid User Credentials.xlsx' and sheet name 'Sheet1'

24-06-2025T15:38:34 - [MESSAGE][INFO] - Checking test data id

24-06-2025T15:38:34 - [MESSAGE][INFO] - Finding test data with id 'Data Files/Valid User Credentials'

24-06-2025T15:38:34 - [MESSAGE][INFO] - Test data is excel file, reading excel file

24-06-2025T15:38:34 - [MESSAGE][INFO] - Reading excel file with source file 'C:\Users\user\Documents\Valid User Credentials.xlsx' and sheet name 'Sheet1'

24-06-2025T15:38:34 - [MESSAGE][INFO] - Checking called Test Case

24-06-2025T15:38:34 - [MESSAGE][INFO] - Starting to call Test Case 'Test Cases/Reusable Modules/Login'

24-06-2025T15:38:34 - [TEST_CASE][PASSED] - Test Cases/Reusable Modules/Login: Test Cases/Reusable Modules/Login

24-06-2025T15:38:34 - [TEST_STEP][PASSED] - openBrowser(""): Browser is opened with url: ''

24-06-2025T15:38:34 - [MESSAGE][INFO] - Opening browser

24-06-2025T15:38:34 - [MESSAGE][WARNING] - A browser is already opened. Closing browser and opening a new one

24-06-2025T15:38:37 - [MESSAGE][INFO] - Starting 'Firefox' driver

24-06-2025T15:38:37 - [MESSAGE][INFO] - Action delay is set to 0 milliseconds

24-06-2025T15:38:44 - [MESSAGE][PASSED] - Browser is opened with url: ''

24-06-2025T15:38:44 - [TEST_STEP][PASSED] - navigateToUrl(G_MainURL): Navigate to 'https://katalon-demo-cura.herokuapp.com/' successfully

24-06-2025T15:38:44 - [MESSAGE][INFO] - Checking url

24-06-2025T15:38:44 - [MESSAGE][INFO] - Navigating to 'https://katalon-demo-cura.herokuapp.com/'

24-06-2025T15:38:46 - [MESSAGE][PASSED] - Navigate to 'https://katalon-demo-cura.herokuapp.com/' successfully

24-06-2025T15:38:46 - [TEST_STEP][PASSED] - click(findTestObject("Object Repository/CURA Healthcare Service/Home Page/a_Make Appointment")): Object: 'Object Repository/CURA Healthcare Service/Home Page/a_Make Appointment' is clicked on

24-06-2025T15:38:46 - [MESSAGE][INFO] - Finding Test Object 'Object Repository/CURA Healthcare Service/Home Page/a_Make Appointment'

24-06-2025T15:38:46 - [MESSAGE][INFO] - Checking object

24-06-2025T15:38:46 - [MESSAGE][INFO] - Checking timeout

24-06-2025T15:38:46 - [MESSAGE][INFO] - Finding web element from Test Object's properties

24-06-2025T15:38:46 - [MESSAGE][INFO] - Checking timeout

24-06-2025T15:38:46 - [MESSAGE][INFO] - Finding web element with id: 'Object Repository/CURA Healthcare Service/Home Page/a_Make Appointment' located by 'By.xpath: //a[@id='btn-make-appointment']' in '30' second(s)

24-06-2025T15:38:46 - [MESSAGE][INFO] - Smart Wait Function is triggered

24-06-2025T15:38:46 - [MESSAGE][INFO] - Found 1 web elements with id: 'Object Repository/CURA Healthcare Service/Home Page/a_Make Appointment' located by 'By.xpath: //a[@id='btn-make-appointment']' in '30' second(s)

24-06-2025T15:38:46 - [MESSAGE][INFO] - Clicking on object: 'Object Repository/CURA Healthcare Service/Home Page/a_Make Appointment'

24-06-2025T15:38:47 - [MESSAGE][PASSED] - Object: 'Object Repository/CURA Healthcare Service/Home Page/a_Make Appointment' is clicked on

24-06-2025T15:38:47 - [TEST_STEP][PASSED] - if (!(UserName)): null

24-06-2025T15:38:47 - [TEST_STEP][PASSED] - if (!(Password)): null

24-06-2025T15:38:47 - [TEST_STEP][PASSED] - setText(findTestObject("Object Repository/CURA Healthcare Service/Login/input_Username_username"), UserName): Text 'John Doe' is set on object 'Object Repository/CURA Healthcare Service/Login/input_Username_username'

24-06-2025T15:38:47 - [MESSAGE][INFO] - Finding Test Object 'Object Repository/CURA Healthcare Service/Login/input_Username_username'

24-06-2025T15:38:47 - [MESSAGE][INFO] - Checking object

24-06-2025T15:38:47 - [MESSAGE][INFO] - Checking text

24-06-2025T15:38:47 - [MESSAGE][INFO] - Finding web element from Test Object's properties

24-06-2025T15:38:47 - [MESSAGE][INFO] - Checking timeout

24-06-2025T15:38:47 - [MESSAGE][INFO] - Finding web element with id: 'Object Repository/CURA Healthcare Service/Login/input_Username_username' located by 'By.xpath: //input[@id='txt-username']' in '30' second(s)

24-06-2025T15:38:47 - [MESSAGE][INFO] - Smart Wait Function is triggered

24-06-2025T15:38:47 - [MESSAGE][INFO] - Found 1 web elements with id: 'Object Repository/CURA Healthcare Service/Login/input_Username_username' located by 'By.xpath: //input[@id='txt-username']' in '30' second(s)

24-06-2025T15:38:47 - [MESSAGE][INFO] - Clearing text of object 'Object Repository/CURA Healthcare Service/Login/input_Username_username'

24-06-2025T15:38:47 - [MESSAGE][INFO] - Finding web element from Test Object's properties

24-06-2025T15:38:47 - [MESSAGE][INFO] - Checking timeout

24-06-2025T15:38:47 - [MESSAGE][INFO] - Finding web element with id: 'Object Repository/CURA Healthcare Service/Login/input_Username_username' located by 'By.xpath: //input[@id='txt-username']' in '30' second(s)

24-06-2025T15:38:47 - [MESSAGE][INFO] - Smart Wait Function is triggered

24-06-2025T15:38:48 - [MESSAGE][INFO] - Found 1 web elements with id: 'Object Repository/CURA Healthcare Service/Login/input_Username_username' located by 'By.xpath: //input[@id='txt-username']' in '30' second(s)

24-06-2025T15:38:48 - [MESSAGE][INFO] - Setting text of object 'Object Repository/CURA Healthcare Service/Login/input_Username_username' to value 'John Doe'

24-06-2025T15:38:48 - [MESSAGE][PASSED] - Text 'John Doe' is set on object 'Object Repository/CURA Healthcare Service/Login/input_Username_username'

24-06-2025T15:38:48 - [TEST_STEP][PASSED] - setEncryptedText(findTestObject("Object Repository/CURA Healthcare Service/Login/input_Password_password"), Auth.EncryptText(Password)): Text ****** has been set on object 'Object Repository/CURA Healthcare Service/Login/input_Password_password'

24-06-2025T15:38:48 - [MESSAGE][INFO] - Finding Test Object 'Object Repository/CURA Healthcare Service/Login/input_Password_password'

24-06-2025T15:38:48 - [MESSAGE][PASSED] - Auth.EncryptText is PASSED

24-06-2025T15:38:48 - [MESSAGE][INFO] - Checking object

24-06-2025T15:38:48 - [MESSAGE][INFO] - Checking text

24-06-2025T15:38:48 - [MESSAGE][INFO] - Finding web element from Test Object's properties

24-06-2025T15:38:48 - [MESSAGE][INFO] - Checking timeout

24-06-2025T15:38:48 - [MESSAGE][INFO] - Finding web element with id: 'Object Repository/CURA Healthcare Service/Login/input_Password_password' located by 'By.xpath: //input[@id='txt-password']' in '30' second(s)

24-06-2025T15:38:48 - [MESSAGE][INFO] - Smart Wait Function is triggered

24-06-2025T15:38:48 - [MESSAGE][INFO] - Found 1 web elements with id: 'Object Repository/CURA Healthcare Service/Login/input_Password_password' located by 'By.xpath: //input[@id='txt-password']' in '30' second(s)

24-06-2025T15:38:48 - [MESSAGE][INFO] - Clearing text of object 'Object Repository/CURA Healthcare Service/Login/input_Password_password'

24-06-2025T15:38:48 - [MESSAGE][INFO] - Setting  text of object 'Object Repository/CURA Healthcare Service/Login/input_Password_password' to value ******

24-06-2025T15:38:48 - [MESSAGE][PASSED] - Text ****** has been set on object 'Object Repository/CURA Healthcare Service/Login/input_Password_password'

24-06-2025T15:38:48 - [TEST_STEP][PASSED] - click(findTestObject("Object Repository/CURA Healthcare Service/Login/button_Login")): Object: 'Object Repository/CURA Healthcare Service/Login/button_Login' is clicked on

24-06-2025T15:38:48 - [MESSAGE][INFO] - Finding Test Object 'Object Repository/CURA Healthcare Service/Login/button_Login'

24-06-2025T15:38:48 - [MESSAGE][INFO] - Checking object

24-06-2025T15:38:48 - [MESSAGE][INFO] - Checking timeout

24-06-2025T15:38:48 - [MESSAGE][INFO] - Finding web element from Test Object's properties

24-06-2025T15:38:48 - [MESSAGE][INFO] - Checking timeout

24-06-2025T15:38:48 - [MESSAGE][INFO] - Finding web element with id: 'Object Repository/CURA Healthcare Service/Login/button_Login' located by 'By.xpath: //button[@id='btn-login']' in '30' second(s)

24-06-2025T15:38:48 - [MESSAGE][INFO] - Smart Wait Function is triggered

24-06-2025T15:38:48 - [MESSAGE][INFO] - Found 1 web elements with id: 'Object Repository/CURA Healthcare Service/Login/button_Login' located by 'By.xpath: //button[@id='btn-login']' in '30' second(s)

24-06-2025T15:38:48 - [MESSAGE][INFO] - Clicking on object: 'Object Repository/CURA Healthcare Service/Login/button_Login'

24-06-2025T15:38:49 - [MESSAGE][PASSED] - Object: 'Object Repository/CURA Healthcare Service/Login/button_Login' is clicked on

24-06-2025T15:38:49 - [TEST_STEP][PASSED] - verifyElementText(findTestObject("Object Repository/CURA Healthcare Service/Home Page/h2_Make Appointment"), "Make Appointment"): Actual text and expected text of test object 'Object Repository/CURA Healthcare Service/Home Page/h2_Make Appointment' are matched.

24-06-2025T15:38:49 - [MESSAGE][INFO] - Finding Test Object 'Object Repository/CURA Healthcare Service/Home Page/h2_Make Appointment'

24-06-2025T15:38:49 - [MESSAGE][INFO] - Checking object

24-06-2025T15:38:49 - [MESSAGE][INFO] - Finding web element from Test Object's properties

24-06-2025T15:38:49 - [MESSAGE][INFO] - Checking timeout

24-06-2025T15:38:49 - [MESSAGE][INFO] - Finding web element with id: 'Object Repository/CURA Healthcare Service/Home Page/h2_Make Appointment' located by 'By.xpath: //section[@id='appointment']/div/div/div/h2' in '30' second(s)

24-06-2025T15:38:49 - [MESSAGE][INFO] - Smart Wait Function is triggered

24-06-2025T15:38:49 - [MESSAGE][INFO] - Found 1 web elements with id: 'Object Repository/CURA Healthcare Service/Home Page/h2_Make Appointment' located by 'By.xpath: //section[@id='appointment']/div/div/div/h2' in '30' second(s)

24-06-2025T15:38:49 - [MESSAGE][PASSED] - Actual text and expected text of test object 'Object Repository/CURA Healthcare Service/Home Page/h2_Make Appointment' are matched.

24-06-2025T15:38:49 - [MESSAGE][PASSED] - Call Test Case 'Test Cases/Reusable Modules/Login' successfully

24-06-2025T15:38:49 - [TEST_STEP][PASSED] - callTestCase(findTestCase("Reusable Modules/Make Appointment"), [:], STOP_ON_FAILURE): Call Test Case 'Test Cases/Reusable Modules/Make Appointment' successfully

24-06-2025T15:38:49 - [MESSAGE][INFO] - Checking called Test Case

24-06-2025T15:38:49 - [MESSAGE][INFO] - Starting to call Test Case 'Test Cases/Reusable Modules/Make Appointment'

24-06-2025T15:38:49 - [TEST_CASE][PASSED] - Test Cases/Reusable Modules/Make Appointment: Test Cases/Reusable Modules/Make Appointment

24-06-2025T15:38:49 - [TEST_STEP][PASSED] - selectOptionByValue(findTestObject("Object Repository/CURA Healthcare Service/Make Appointment/select_Tokyo CURA Healthcare Center        _5b4107"), "Seoul CURA Healthcare Center", true): All options with value 'Seoul CURA Healthcare Center' are selected in object 'Object Repository/CURA Healthcare Service/Make Appointment/select_Tokyo CURA Healthcare Center        _5b4107'  using regular expression

24-06-2025T15:38:49 - [MESSAGE][INFO] - Finding Test Object 'Object Repository/CURA Healthcare Service/Make Appointment/select_Tokyo CURA Healthcare Center        _5b4107'

24-06-2025T15:38:49 - [MESSAGE][INFO] - Checking object

24-06-2025T15:38:49 - [MESSAGE][INFO] - Checking value parameter

24-06-2025T15:38:49 - [MESSAGE][INFO] - Finding web element from Test Object's properties

24-06-2025T15:38:49 - [MESSAGE][INFO] - Checking timeout

24-06-2025T15:38:49 - [MESSAGE][INFO] - Finding web element with id: 'Object Repository/CURA Healthcare Service/Make Appointment/select_Tokyo CURA Healthcare Center        _5b4107' located by 'By.xpath: //select[@id='combo_facility']' in '30' second(s)

24-06-2025T15:38:49 - [MESSAGE][INFO] - Smart Wait Function is triggered

24-06-2025T15:38:50 - [MESSAGE][INFO] - Found 1 web elements with id: 'Object Repository/CURA Healthcare Service/Make Appointment/select_Tokyo CURA Healthcare Center        _5b4107' located by 'By.xpath: //select[@id='combo_facility']' in '30' second(s)

24-06-2025T15:38:50 - [MESSAGE][INFO] - Selecting options on object 'Object Repository/CURA Healthcare Service/Make Appointment/select_Tokyo CURA Healthcare Center        _5b4107' with value 'Seoul CURA Healthcare Center' using regular expression

24-06-2025T15:38:50 - [MESSAGE][INFO] - Smart Wait Function is triggered

24-06-2025T15:38:50 - [MESSAGE][INFO] - Smart Wait Function is triggered

24-06-2025T15:38:51 - [MESSAGE][INFO] - Option at index '2' with value 'Seoul CURA Healthcare Center' is selected  using regular expression

24-06-2025T15:38:51 - [MESSAGE][PASSED] - All options with value 'Seoul CURA Healthcare Center' are selected in object 'Object Repository/CURA Healthcare Service/Make Appointment/select_Tokyo CURA Healthcare Center        _5b4107'  using regular expression

24-06-2025T15:38:51 - [TEST_STEP][PASSED] - click(findTestObject("Object Repository/CURA Healthcare Service/Make Appointment/input_Apply for hospital readmission_hospit_63901f")): Object: 'Object Repository/CURA Healthcare Service/Make Appointment/input_Apply for hospital readmission_hospit_63901f' is clicked on

24-06-2025T15:38:51 - [MESSAGE][INFO] - Finding Test Object 'Object Repository/CURA Healthcare Service/Make Appointment/input_Apply for hospital readmission_hospit_63901f'

24-06-2025T15:38:51 - [MESSAGE][INFO] - Checking object

24-06-2025T15:38:51 - [MESSAGE][INFO] - Checking timeout

24-06-2025T15:38:51 - [MESSAGE][INFO] - Finding web element from Test Object's properties

24-06-2025T15:38:51 - [MESSAGE][INFO] - Checking timeout

24-06-2025T15:38:51 - [MESSAGE][INFO] - Finding web element with id: 'Object Repository/CURA Healthcare Service/Make Appointment/input_Apply for hospital readmission_hospit_63901f' located by 'By.xpath: //input[@id='chk_hospotal_readmission']' in '30' second(s)

24-06-2025T15:38:51 - [MESSAGE][INFO] - Smart Wait Function is triggered

24-06-2025T15:38:51 - [MESSAGE][INFO] - Found 1 web elements with id: 'Object Repository/CURA Healthcare Service/Make Appointment/input_Apply for hospital readmission_hospit_63901f' located by 'By.xpath: //input[@id='chk_hospotal_readmission']' in '30' second(s)

24-06-2025T15:38:51 - [MESSAGE][INFO] - Clicking on object: 'Object Repository/CURA Healthcare Service/Make Appointment/input_Apply for hospital readmission_hospit_63901f'

24-06-2025T15:38:51 - [MESSAGE][PASSED] - Object: 'Object Repository/CURA Healthcare Service/Make Appointment/input_Apply for hospital readmission_hospit_63901f' is clicked on

24-06-2025T15:38:51 - [TEST_STEP][PASSED] - click(findTestObject("Object Repository/CURA Healthcare Service/Make Appointment/label_Medicaid")): Object: 'Object Repository/CURA Healthcare Service/Make Appointment/label_Medicaid' is clicked on

24-06-2025T15:38:51 - [MESSAGE][INFO] - Finding Test Object 'Object Repository/CURA Healthcare Service/Make Appointment/label_Medicaid'

24-06-2025T15:38:51 - [MESSAGE][INFO] - Checking object

24-06-2025T15:38:51 - [MESSAGE][INFO] - Checking timeout

24-06-2025T15:38:51 - [MESSAGE][INFO] - Finding web element from Test Object's properties

24-06-2025T15:38:51 - [MESSAGE][INFO] - Checking timeout

24-06-2025T15:38:51 - [MESSAGE][INFO] - Finding web element with id: 'Object Repository/CURA Healthcare Service/Make Appointment/label_Medicaid' located by 'By.xpath: //section[@id='appointment']/div/div/form/div[3]/div/label[2]' in '30' second(s)

24-06-2025T15:38:51 - [MESSAGE][INFO] - Smart Wait Function is triggered

24-06-2025T15:38:51 - [MESSAGE][INFO] - Found 1 web elements with id: 'Object Repository/CURA Healthcare Service/Make Appointment/label_Medicaid' located by 'By.xpath: //section[@id='appointment']/div/div/form/div[3]/div/label[2]' in '30' second(s)

24-06-2025T15:38:51 - [MESSAGE][INFO] - Clicking on object: 'Object Repository/CURA Healthcare Service/Make Appointment/label_Medicaid'

24-06-2025T15:38:52 - [MESSAGE][PASSED] - Object: 'Object Repository/CURA Healthcare Service/Make Appointment/label_Medicaid' is clicked on

24-06-2025T15:38:52 - [TEST_STEP][PASSED] - click(findTestObject("Object Repository/CURA Healthcare Service/Make Appointment/span_Visit Date (Required)_glyphicon glyphi_cada34")): Object: 'Object Repository/CURA Healthcare Service/Make Appointment/span_Visit Date (Required)_glyphicon glyphi_cada34' is clicked on

24-06-2025T15:38:52 - [MESSAGE][INFO] - Finding Test Object 'Object Repository/CURA Healthcare Service/Make Appointment/span_Visit Date (Required)_glyphicon glyphi_cada34'

24-06-2025T15:38:52 - [MESSAGE][INFO] - Checking object

24-06-2025T15:38:52 - [MESSAGE][INFO] - Checking timeout

24-06-2025T15:38:52 - [MESSAGE][INFO] - Finding web element from Test Object's properties

24-06-2025T15:38:52 - [MESSAGE][INFO] - Checking timeout

24-06-2025T15:38:52 - [MESSAGE][INFO] - Finding web element with id: 'Object Repository/CURA Healthcare Service/Make Appointment/span_Visit Date (Required)_glyphicon glyphi_cada34' located by 'By.xpath: //section[@id='appointment']/div/div/form/div[4]/div/div/div/span' in '30' second(s)

24-06-2025T15:38:52 - [MESSAGE][INFO] - Smart Wait Function is triggered

24-06-2025T15:38:52 - [MESSAGE][INFO] - Found 1 web elements with id: 'Object Repository/CURA Healthcare Service/Make Appointment/span_Visit Date (Required)_glyphicon glyphi_cada34' located by 'By.xpath: //section[@id='appointment']/div/div/form/div[4]/div/div/div/span' in '30' second(s)

24-06-2025T15:38:52 - [MESSAGE][INFO] - Clicking on object: 'Object Repository/CURA Healthcare Service/Make Appointment/span_Visit Date (Required)_glyphicon glyphi_cada34'

24-06-2025T15:38:52 - [MESSAGE][PASSED] - Object: 'Object Repository/CURA Healthcare Service/Make Appointment/span_Visit Date (Required)_glyphicon glyphi_cada34' is clicked on

24-06-2025T15:38:52 - [TEST_STEP][PASSED] - click(findTestObject("Object Repository/CURA Healthcare Service/Make Appointment/td_20")): Object: 'Object Repository/CURA Healthcare Service/Make Appointment/td_20' is clicked on

24-06-2025T15:38:52 - [MESSAGE][INFO] - Finding Test Object 'Object Repository/CURA Healthcare Service/Make Appointment/td_20'

24-06-2025T15:38:52 - [MESSAGE][INFO] - Checking object

24-06-2025T15:38:52 - [MESSAGE][INFO] - Checking timeout

24-06-2025T15:38:52 - [MESSAGE][INFO] - Finding web element from Test Object's properties

24-06-2025T15:38:52 - [MESSAGE][INFO] - Checking timeout

24-06-2025T15:38:52 - [MESSAGE][INFO] - Finding web element with id: 'Object Repository/CURA Healthcare Service/Make Appointment/td_20' located by 'By.xpath: (.//*[normalize-space(text()) and normalize-space(.)='Sa'])[1]/following::td[27]' in '30' second(s)

24-06-2025T15:38:52 - [MESSAGE][INFO] - Smart Wait Function is triggered

24-06-2025T15:38:52 - [MESSAGE][INFO] - Found 1 web elements with id: 'Object Repository/CURA Healthcare Service/Make Appointment/td_20' located by 'By.xpath: (.//*[normalize-space(text()) and normalize-space(.)='Sa'])[1]/following::td[27]' in '30' second(s)

24-06-2025T15:38:52 - [MESSAGE][INFO] - Clicking on object: 'Object Repository/CURA Healthcare Service/Make Appointment/td_20'

24-06-2025T15:38:53 - [MESSAGE][PASSED] - Object: 'Object Repository/CURA Healthcare Service/Make Appointment/td_20' is clicked on

24-06-2025T15:38:53 - [TEST_STEP][PASSED] - setText(findTestObject("Object Repository/CURA Healthcare Service/Make Appointment/textarea_Comment_comment"), "test comment"): Text 'test comment' is set on object 'Object Repository/CURA Healthcare Service/Make Appointment/textarea_Comment_comment'

24-06-2025T15:38:53 - [MESSAGE][INFO] - Finding Test Object 'Object Repository/CURA Healthcare Service/Make Appointment/textarea_Comment_comment'

24-06-2025T15:38:53 - [MESSAGE][INFO] - Checking object

24-06-2025T15:38:53 - [MESSAGE][INFO] - Checking text

24-06-2025T15:38:53 - [MESSAGE][INFO] - Finding web element from Test Object's properties

24-06-2025T15:38:53 - [MESSAGE][INFO] - Checking timeout

24-06-2025T15:38:53 - [MESSAGE][INFO] - Finding web element with id: 'Object Repository/CURA Healthcare Service/Make Appointment/textarea_Comment_comment' located by 'By.xpath: //textarea[@id='txt_comment']' in '30' second(s)

24-06-2025T15:38:53 - [MESSAGE][INFO] - Smart Wait Function is triggered

24-06-2025T15:38:53 - [MESSAGE][INFO] - Found 1 web elements with id: 'Object Repository/CURA Healthcare Service/Make Appointment/textarea_Comment_comment' located by 'By.xpath: //textarea[@id='txt_comment']' in '30' second(s)

24-06-2025T15:38:53 - [MESSAGE][INFO] - Clearing text of object 'Object Repository/CURA Healthcare Service/Make Appointment/textarea_Comment_comment'

24-06-2025T15:38:53 - [MESSAGE][INFO] - Finding web element from Test Object's properties

24-06-2025T15:38:53 - [MESSAGE][INFO] - Checking timeout

24-06-2025T15:38:53 - [MESSAGE][INFO] - Finding web element with id: 'Object Repository/CURA Healthcare Service/Make Appointment/textarea_Comment_comment' located by 'By.xpath: //textarea[@id='txt_comment']' in '30' second(s)

24-06-2025T15:38:53 - [MESSAGE][INFO] - Smart Wait Function is triggered

24-06-2025T15:38:53 - [MESSAGE][INFO] - Found 1 web elements with id: 'Object Repository/CURA Healthcare Service/Make Appointment/textarea_Comment_comment' located by 'By.xpath: //textarea[@id='txt_comment']' in '30' second(s)

24-06-2025T15:38:53 - [MESSAGE][INFO] - Setting text of object 'Object Repository/CURA Healthcare Service/Make Appointment/textarea_Comment_comment' to value 'test comment'

24-06-2025T15:38:53 - [MESSAGE][PASSED] - Text 'test comment' is set on object 'Object Repository/CURA Healthcare Service/Make Appointment/textarea_Comment_comment'

24-06-2025T15:38:53 - [TEST_STEP][PASSED] - click(findTestObject("Object Repository/CURA Healthcare Service/Make Appointment/button_Book Appointment")): Object: 'Object Repository/CURA Healthcare Service/Make Appointment/button_Book Appointment' is clicked on

24-06-2025T15:38:53 - [MESSAGE][INFO] - Finding Test Object 'Object Repository/CURA Healthcare Service/Make Appointment/button_Book Appointment'

24-06-2025T15:38:53 - [MESSAGE][INFO] - Checking object

24-06-2025T15:38:53 - [MESSAGE][INFO] - Checking timeout

24-06-2025T15:38:53 - [MESSAGE][INFO] - Finding web element from Test Object's properties

24-06-2025T15:38:53 - [MESSAGE][INFO] - Checking timeout

24-06-2025T15:38:53 - [MESSAGE][INFO] - Finding web element with id: 'Object Repository/CURA Healthcare Service/Make Appointment/button_Book Appointment' located by 'By.xpath: //button[@id='btn-book-appointment']' in '30' second(s)

24-06-2025T15:38:53 - [MESSAGE][INFO] - Smart Wait Function is triggered

24-06-2025T15:38:53 - [MESSAGE][INFO] - Found 1 web elements with id: 'Object Repository/CURA Healthcare Service/Make Appointment/button_Book Appointment' located by 'By.xpath: //button[@id='btn-book-appointment']' in '30' second(s)

24-06-2025T15:38:53 - [MESSAGE][INFO] - Clicking on object: 'Object Repository/CURA Healthcare Service/Make Appointment/button_Book Appointment'

24-06-2025T15:38:54 - [MESSAGE][PASSED] - Object: 'Object Repository/CURA Healthcare Service/Make Appointment/button_Book Appointment' is clicked on

24-06-2025T15:38:54 - [TEST_STEP][PASSED] - verifyElementText(findTestObject("Object Repository/CURA Healthcare Service/Make Appointment/h2_Appointment Confirmation"), "Appointment Confirmation"): Actual text and expected text of test object 'Object Repository/CURA Healthcare Service/Make Appointment/h2_Appointment Confirmation' are matched.

24-06-2025T15:38:54 - [MESSAGE][INFO] - Finding Test Object 'Object Repository/CURA Healthcare Service/Make Appointment/h2_Appointment Confirmation'

24-06-2025T15:38:54 - [MESSAGE][INFO] - Checking object

24-06-2025T15:38:54 - [MESSAGE][INFO] - Finding web element from Test Object's properties

24-06-2025T15:38:54 - [MESSAGE][INFO] - Checking timeout

24-06-2025T15:38:54 - [MESSAGE][INFO] - Finding web element with id: 'Object Repository/CURA Healthcare Service/Make Appointment/h2_Appointment Confirmation' located by 'By.xpath: //section[@id='summary']/div/div/div/h2' in '30' second(s)

24-06-2025T15:38:54 - [MESSAGE][INFO] - Smart Wait Function is triggered

24-06-2025T15:38:54 - [MESSAGE][INFO] - Found 1 web elements with id: 'Object Repository/CURA Healthcare Service/Make Appointment/h2_Appointment Confirmation' located by 'By.xpath: //section[@id='summary']/div/div/div/h2' in '30' second(s)

24-06-2025T15:38:54 - [MESSAGE][PASSED] - Actual text and expected text of test object 'Object Repository/CURA Healthcare Service/Make Appointment/h2_Appointment Confirmation' are matched.

24-06-2025T15:38:54 - [MESSAGE][PASSED] - Call Test Case 'Test Cases/Reusable Modules/Make Appointment' successfully

24-06-2025T15:38:54 - [TEST_STEP][PASSED] - callTestCase(findTestCase("Reusable Modules/Logout"), [:], STOP_ON_FAILURE): Call Test Case 'Test Cases/Reusable Modules/Logout' successfully

24-06-2025T15:38:54 - [MESSAGE][INFO] - Checking called Test Case

24-06-2025T15:38:54 - [MESSAGE][INFO] - Starting to call Test Case 'Test Cases/Reusable Modules/Logout'

24-06-2025T15:38:54 - [TEST_CASE][PASSED] - Test Cases/Reusable Modules/Logout: Test Cases/Reusable Modules/Logout

24-06-2025T15:38:54 - [TEST_STEP][PASSED] - click(findTestObject("Object Repository/CURA Healthcare Service/Logout/i_CURA Healthcare_fa fa-bars")): Object: 'Object Repository/CURA Healthcare Service/Logout/i_CURA Healthcare_fa fa-bars' is clicked on

24-06-2025T15:38:54 - [MESSAGE][INFO] - Finding Test Object 'Object Repository/CURA Healthcare Service/Logout/i_CURA Healthcare_fa fa-bars'

24-06-2025T15:38:54 - [MESSAGE][INFO] - Checking object

24-06-2025T15:38:54 - [MESSAGE][INFO] - Checking timeout

24-06-2025T15:38:54 - [MESSAGE][INFO] - Finding web element from Test Object's properties

24-06-2025T15:38:54 - [MESSAGE][INFO] - Checking timeout

24-06-2025T15:38:54 - [MESSAGE][INFO] - Finding web element with id: 'Object Repository/CURA Healthcare Service/Logout/i_CURA Healthcare_fa fa-bars' located by 'By.xpath: //a[@id='menu-toggle']/i' in '30' second(s)

24-06-2025T15:38:54 - [MESSAGE][INFO] - Smart Wait Function is triggered

24-06-2025T15:38:55 - [MESSAGE][INFO] - Found 1 web elements with id: 'Object Repository/CURA Healthcare Service/Logout/i_CURA Healthcare_fa fa-bars' located by 'By.xpath: //a[@id='menu-toggle']/i' in '30' second(s)

24-06-2025T15:38:55 - [MESSAGE][INFO] - Clicking on object: 'Object Repository/CURA Healthcare Service/Logout/i_CURA Healthcare_fa fa-bars'

24-06-2025T15:38:55 - [MESSAGE][PASSED] - Object: 'Object Repository/CURA Healthcare Service/Logout/i_CURA Healthcare_fa fa-bars' is clicked on

24-06-2025T15:38:55 - [TEST_STEP][PASSED] - click(findTestObject("Object Repository/CURA Healthcare Service/Logout/a_Logout")): Object: 'Object Repository/CURA Healthcare Service/Logout/a_Logout' is clicked on

24-06-2025T15:38:55 - [MESSAGE][INFO] - Finding Test Object 'Object Repository/CURA Healthcare Service/Logout/a_Logout'

24-06-2025T15:38:55 - [MESSAGE][INFO] - Checking object

24-06-2025T15:38:55 - [MESSAGE][INFO] - Checking timeout

24-06-2025T15:38:55 - [MESSAGE][INFO] - Finding web element from Test Object's properties

24-06-2025T15:38:55 - [MESSAGE][INFO] - Checking timeout

24-06-2025T15:38:55 - [MESSAGE][INFO] - Finding web element with id: 'Object Repository/CURA Healthcare Service/Logout/a_Logout' located by 'By.xpath: (//a[@onclick="$('#menu-close').click();"])[5]' in '30' second(s)

24-06-2025T15:38:55 - [MESSAGE][INFO] - Smart Wait Function is triggered

24-06-2025T15:38:55 - [MESSAGE][INFO] - Found 1 web elements with id: 'Object Repository/CURA Healthcare Service/Logout/a_Logout' located by 'By.xpath: (//a[@onclick="$('#menu-close').click();"])[5]' in '30' second(s)

24-06-2025T15:38:55 - [MESSAGE][INFO] - Clicking on object: 'Object Repository/CURA Healthcare Service/Logout/a_Logout'

24-06-2025T15:38:56 - [MESSAGE][PASSED] - Object: 'Object Repository/CURA Healthcare Service/Logout/a_Logout' is clicked on

24-06-2025T15:38:56 - [TEST_STEP][PASSED] - navigateToUrl(G_MainURL): Navigate to 'https://katalon-demo-cura.herokuapp.com/' successfully

24-06-2025T15:38:56 - [MESSAGE][INFO] - Checking url

24-06-2025T15:38:56 - [MESSAGE][INFO] - Navigating to 'https://katalon-demo-cura.herokuapp.com/'

24-06-2025T15:38:56 - [MESSAGE][PASSED] - Navigate to 'https://katalon-demo-cura.herokuapp.com/' successfully

24-06-2025T15:38:56 - [TEST_STEP][PASSED] - verifyElementText(findTestObject("Object Repository/CURA Healthcare Service/Home Page/h1_CURA Healthcare Service"), "CURA Healthcare Service"): Actual text and expected text of test object 'Object Repository/CURA Healthcare Service/Home Page/h1_CURA Healthcare Service' are matched.

24-06-2025T15:38:56 - [MESSAGE][INFO] - Finding Test Object 'Object Repository/CURA Healthcare Service/Home Page/h1_CURA Healthcare Service'

24-06-2025T15:38:56 - [MESSAGE][INFO] - Checking object

24-06-2025T15:38:56 - [MESSAGE][INFO] - Finding web element from Test Object's properties

24-06-2025T15:38:56 - [MESSAGE][INFO] - Checking timeout

24-06-2025T15:38:56 - [MESSAGE][INFO] - Finding web element with id: 'Object Repository/CURA Healthcare Service/Home Page/h1_CURA Healthcare Service' located by 'By.xpath: //header[@id='top']/div/h1' in '30' second(s)

24-06-2025T15:38:56 - [MESSAGE][INFO] - Smart Wait Function is triggered

24-06-2025T15:38:56 - [MESSAGE][INFO] - Found 1 web elements with id: 'Object Repository/CURA Healthcare Service/Home Page/h1_CURA Healthcare Service' located by 'By.xpath: //header[@id='top']/div/h1' in '30' second(s)

24-06-2025T15:38:57 - [MESSAGE][PASSED] - Actual text and expected text of test object 'Object Repository/CURA Healthcare Service/Home Page/h1_CURA Healthcare Service' are matched.

24-06-2025T15:38:57 - [MESSAGE][PASSED] - Call Test Case 'Test Cases/Reusable Modules/Logout' successfully]]></system-out>
         <system-err><![CDATA[]]></system-err>
      </testcase>
      <testcase name="Test Cases/Week 2 - Keyword Driven Test/Make An Appointment - Manually" time="30.343" classname="Test Cases/Week 2 - Keyword Driven Test/Make An Appointment - Manually" status="PASSED">
         <system-out><![CDATA[24-06-2025T15:38:59 - [TEST_CASE][PASSED] - Test Cases/Week 2 - Keyword Driven Test/Make An Appointment - Manually: Test Cases/Week 2 - Keyword Driven Test/Make An Appointment - Manually

24-06-2025T15:38:59 - [TEST_STEP][PASSED] - Auth.Login(G_Cura_UserName, G_Cura_Password): Auth.Login is PASSED

24-06-2025T15:38:59 - [MESSAGE][INFO] - Opening browser

24-06-2025T15:38:59 - [MESSAGE][WARNING] - A browser is already opened. Closing browser and opening a new one

24-06-2025T15:39:00 - [MESSAGE][INFO] - Starting 'Firefox' driver

24-06-2025T15:39:00 - [MESSAGE][INFO] - Action delay is set to 0 milliseconds

24-06-2025T15:39:05 - [MESSAGE][PASSED] - Browser is opened with url: ''

24-06-2025T15:39:05 - [MESSAGE][INFO] - Checking url

24-06-2025T15:39:05 - [MESSAGE][INFO] - Navigating to 'https://katalon-demo-cura.herokuapp.com/'

24-06-2025T15:39:07 - [MESSAGE][PASSED] - Navigate to 'https://katalon-demo-cura.herokuapp.com/' successfully

24-06-2025T15:39:07 - [MESSAGE][INFO] - Finding Test Object 'Object Repository/CURA Healthcare Service/Home Page/a_Make Appointment'

24-06-2025T15:39:07 - [MESSAGE][INFO] - Checking object

24-06-2025T15:39:07 - [MESSAGE][INFO] - Checking timeout

24-06-2025T15:39:07 - [MESSAGE][INFO] - Finding web element from Test Object's properties

24-06-2025T15:39:07 - [MESSAGE][INFO] - Checking timeout

24-06-2025T15:39:07 - [MESSAGE][INFO] - Finding web element with id: 'Object Repository/CURA Healthcare Service/Home Page/a_Make Appointment' located by 'By.xpath: //a[@id='btn-make-appointment']' in '30' second(s)

24-06-2025T15:39:07 - [MESSAGE][INFO] - Smart Wait Function is triggered

24-06-2025T15:39:08 - [MESSAGE][INFO] - Found 1 web elements with id: 'Object Repository/CURA Healthcare Service/Home Page/a_Make Appointment' located by 'By.xpath: //a[@id='btn-make-appointment']' in '30' second(s)

24-06-2025T15:39:08 - [MESSAGE][INFO] - Clicking on object: 'Object Repository/CURA Healthcare Service/Home Page/a_Make Appointment'

24-06-2025T15:39:08 - [MESSAGE][PASSED] - Object: 'Object Repository/CURA Healthcare Service/Home Page/a_Make Appointment' is clicked on

24-06-2025T15:39:08 - [MESSAGE][INFO] - Finding Test Object 'Object Repository/CURA Healthcare Service/Login/input_Username_username'

24-06-2025T15:39:08 - [MESSAGE][INFO] - Checking object

24-06-2025T15:39:08 - [MESSAGE][INFO] - Checking text

24-06-2025T15:39:08 - [MESSAGE][INFO] - Finding web element from Test Object's properties

24-06-2025T15:39:08 - [MESSAGE][INFO] - Checking timeout

24-06-2025T15:39:08 - [MESSAGE][INFO] - Finding web element with id: 'Object Repository/CURA Healthcare Service/Login/input_Username_username' located by 'By.xpath: //input[@id='txt-username']' in '30' second(s)

24-06-2025T15:39:08 - [MESSAGE][INFO] - Smart Wait Function is triggered

24-06-2025T15:39:08 - [MESSAGE][INFO] - Found 1 web elements with id: 'Object Repository/CURA Healthcare Service/Login/input_Username_username' located by 'By.xpath: //input[@id='txt-username']' in '30' second(s)

24-06-2025T15:39:08 - [MESSAGE][INFO] - Clearing text of object 'Object Repository/CURA Healthcare Service/Login/input_Username_username'

24-06-2025T15:39:08 - [MESSAGE][INFO] - Finding web element from Test Object's properties

24-06-2025T15:39:08 - [MESSAGE][INFO] - Checking timeout

24-06-2025T15:39:08 - [MESSAGE][INFO] - Finding web element with id: 'Object Repository/CURA Healthcare Service/Login/input_Username_username' located by 'By.xpath: //input[@id='txt-username']' in '30' second(s)

24-06-2025T15:39:08 - [MESSAGE][INFO] - Smart Wait Function is triggered

24-06-2025T15:39:09 - [MESSAGE][INFO] - Found 1 web elements with id: 'Object Repository/CURA Healthcare Service/Login/input_Username_username' located by 'By.xpath: //input[@id='txt-username']' in '30' second(s)

24-06-2025T15:39:09 - [MESSAGE][INFO] - Setting text of object 'Object Repository/CURA Healthcare Service/Login/input_Username_username' to value 'John Doe'

24-06-2025T15:39:09 - [MESSAGE][PASSED] - Text 'John Doe' is set on object 'Object Repository/CURA Healthcare Service/Login/input_Username_username'

24-06-2025T15:39:09 - [MESSAGE][INFO] - Finding Test Object 'Object Repository/CURA Healthcare Service/Login/input_Password_password'

24-06-2025T15:39:09 - [MESSAGE][PASSED] - Auth.EncryptText is PASSED

24-06-2025T15:39:09 - [MESSAGE][INFO] - Checking object

24-06-2025T15:39:09 - [MESSAGE][INFO] - Checking text

24-06-2025T15:39:09 - [MESSAGE][INFO] - Finding web element from Test Object's properties

24-06-2025T15:39:09 - [MESSAGE][INFO] - Checking timeout

24-06-2025T15:39:09 - [MESSAGE][INFO] - Finding web element with id: 'Object Repository/CURA Healthcare Service/Login/input_Password_password' located by 'By.xpath: //input[@id='txt-password']' in '30' second(s)

24-06-2025T15:39:09 - [MESSAGE][INFO] - Smart Wait Function is triggered

24-06-2025T15:39:09 - [MESSAGE][INFO] - Found 1 web elements with id: 'Object Repository/CURA Healthcare Service/Login/input_Password_password' located by 'By.xpath: //input[@id='txt-password']' in '30' second(s)

24-06-2025T15:39:09 - [MESSAGE][INFO] - Clearing text of object 'Object Repository/CURA Healthcare Service/Login/input_Password_password'

24-06-2025T15:39:09 - [MESSAGE][INFO] - Setting  text of object 'Object Repository/CURA Healthcare Service/Login/input_Password_password' to value ******

24-06-2025T15:39:09 - [MESSAGE][PASSED] - Text ****** has been set on object 'Object Repository/CURA Healthcare Service/Login/input_Password_password'

24-06-2025T15:39:09 - [MESSAGE][INFO] - Finding Test Object 'Object Repository/CURA Healthcare Service/Login/button_Login'

24-06-2025T15:39:09 - [MESSAGE][INFO] - Checking object

24-06-2025T15:39:09 - [MESSAGE][INFO] - Checking timeout

24-06-2025T15:39:09 - [MESSAGE][INFO] - Finding web element from Test Object's properties

24-06-2025T15:39:09 - [MESSAGE][INFO] - Checking timeout

24-06-2025T15:39:09 - [MESSAGE][INFO] - Finding web element with id: 'Object Repository/CURA Healthcare Service/Login/button_Login' located by 'By.xpath: //button[@id='btn-login']' in '30' second(s)

[...]

24-06-2025T15:39:20 - [MESSAGE][INFO] - Finding Test Object 'Object Repository/CURA Healthcare Service/Make Appointment/h2_Appointment Confirmation'

24-06-2025T15:39:20 - [MESSAGE][INFO] - Checking object

24-06-2025T15:39:20 - [MESSAGE][INFO] - Finding web element from Test Object's properties

24-06-2025T15:39:20 - [MESSAGE][INFO] - Checking timeout

24-06-2025T15:39:20 - [MESSAGE][INFO] - Finding web element with id: 'Object Repository/CURA Healthcare Service/Make Appointment/h2_Appointment Confirmation' located by 'By.xpath: //section[@id='summary']/div/div/div/h2' in '30' second(s)

24-06-2025T15:39:20 - [MESSAGE][INFO] - Smart Wait Function is triggered

24-06-2025T15:39:20 - [MESSAGE][INFO] - Found 1 web elements with id: 'Object Repository/CURA Healthcare Service/Make Appointment/h2_Appointment Confirmation' located by 'By.xpath: //section[@id='summary']/div/div/div/h2' in '30' second(s)

24-06-2025T15:39:20 - [MESSAGE][PASSED] - Actual text and expected text of test object 'Object Repository/CURA Healthcare Service/Make Appointment/h2_Appointment Confirmation' are matched.

24-06-2025T15:39:20 - [TEST_STEP][PASSED] - click(findTestObject("CURA Healthcare Service/Make Appointment/a_Go to Homepage")): Object: 'Object Repository/CURA Healthcare Service/Make Appointment/a_Go to Homepage' is clicked on

24-06-2025T15:39:20 - [MESSAGE][INFO] - Finding Test Object 'Object Repository/CURA Healthcare Service/Make Appointment/a_Go to Homepage'

24-06-2025T15:39:20 - [MESSAGE][INFO] - Checking object

24-06-2025T15:39:20 - [MESSAGE][INFO] - Checking timeout

24-06-2025T15:39:20 - [MESSAGE][INFO] - Finding web element from Test Object's properties

24-06-2025T15:39:20 - [MESSAGE][INFO] - Checking timeout

24-06-2025T15:39:20 - [MESSAGE][INFO] - Finding web element with id: 'Object Repository/CURA Healthcare Service/Make Appointment/a_Go to Homepage' located by 'By.xpath: //section[@id='summary']/div/div/div[7]/p/a' in '30' second(s)

24-06-2025T15:39:20 - [MESSAGE][INFO] - Smart Wait Function is triggered

24-06-2025T15:39:20 - [MESSAGE][INFO] - Found 1 web elements with id: 'Object Repository/CURA Healthcare Service/Make Appointment/a_Go to Homepage' located by 'By.xpath: //section[@id='summary']/div/div/div[7]/p/a' in '30' second(s)

24-06-2025T15:39:20 - [MESSAGE][INFO] - Clicking on object: 'Object Repository/CURA Healthcare Service/Make Appointment/a_Go to Homepage'

24-06-2025T15:39:21 - [MESSAGE][PASSED] - Object: 'Object Repository/CURA Healthcare Service/Make Appointment/a_Go to Homepage' is clicked on

24-06-2025T15:39:21 - [TEST_STEP][PASSED] - if (n <= 1): Object: 'Object Repository/CURA Healthcare Service/Home Page/a_btn-make-appointment' is clicked on

24-06-2025T15:39:21 - [TEST_STEP][PASSED] - click(findTestObject("CURA Healthcare Service/Home Page/a_btn-make-appointment")): Object: 'Object Repository/CURA Healthcare Service/Home Page/a_btn-make-appointment' is clicked on

24-06-2025T15:39:21 - [MESSAGE][INFO] - Finding Test Object 'Object Repository/CURA Healthcare Service/Home Page/a_btn-make-appointment'

24-06-2025T15:39:21 - [MESSAGE][INFO] - Checking object

24-06-2025T15:39:21 - [MESSAGE][INFO] - Checking timeout

24-06-2025T15:39:21 - [MESSAGE][INFO] - Finding web element from Test Object's properties

24-06-2025T15:39:21 - [MESSAGE][INFO] - Checking timeout

24-06-2025T15:39:21 - [MESSAGE][INFO] - Finding web element with id: 'Object Repository/CURA Healthcare Service/Home Page/a_btn-make-appointment' located by 'By.xpath: //*[@id = 'btn-make-appointment']' in '30' second(s)

24-06-2025T15:39:21 - [MESSAGE][INFO] - Smart Wait Function is triggered

24-06-2025T15:39:21 - [MESSAGE][INFO] - Found 1 web elements with id: 'Object Repository/CURA Healthcare Service/Home Page/a_btn-make-appointment' located by 'By.xpath: //*[@id = 'btn-make-appointment']' in '30' second(s)

24-06-2025T15:39:21 - [MESSAGE][INFO] - Clicking on object: 'Object Repository/CURA Healthcare Service/Home Page/a_btn-make-appointment'

24-06-2025T15:39:21 - [MESSAGE][PASSED] - Object: 'Object Repository/CURA Healthcare Service/Home Page/a_btn-make-appointment' is clicked on

24-06-2025T15:39:21 - [TEST_STEP][PASSED] - selectOptionByIndex(findTestObject("CURA Healthcare Service/Make Appointment/select_Tokyo CURA Healthcare Center        _5b4107"), "1", STOP_ON_FAILURE): All options with index in [1] are selected on object 'Object Repository/CURA Healthcare Service/Make Appointment/select_Tokyo CURA Healthcare Center        _5b4107'

24-06-2025T15:39:21 - [MESSAGE][INFO] - Finding Test Object 'Object Repository/CURA Healthcare Service/Make Appointment/select_Tokyo CURA Healthcare Center        _5b4107'

24-06-2025T15:39:21 - [MESSAGE][INFO] - Checking object

24-06-2025T15:39:21 - [MESSAGE][INFO] - Checking index range

24-06-2025T15:39:21 - [MESSAGE][INFO] - Converting range parameter '1' to index array

24-06-2025T15:39:21 - [MESSAGE][INFO] - Range parameter '1' is converted to index array [1]

24-06-2025T15:39:21 - [MESSAGE][INFO] - Finding web element from Test Object's properties

24-06-2025T15:39:21 - [MESSAGE][INFO] - Checking timeout

24-06-2025T15:39:21 - [MESSAGE][INFO] - Finding web element with id: 'Object Repository/CURA Healthcare Service/Make Appointment/select_Tokyo CURA Healthcare Center        _5b4107' located by 'By.xpath: //select[@id='combo_facility']' in '30' second(s)

24-06-2025T15:39:21 - [MESSAGE][INFO] - Smart Wait Function is triggered

24-06-2025T15:39:22 - [MESSAGE][INFO] - Found 1 web elements with id: 'Object Repository/CURA Healthcare Service/Make Appointment/select_Tokyo CURA Healthcare Center        _5b4107' located by 'By.xpath: //select[@id='combo_facility']' in '30' second(s)

24-06-2025T15:39:22 - [MESSAGE][INFO] - Checking index parameters

24-06-2025T15:39:22 - [MESSAGE][INFO] - Smart Wait Function is triggered

24-06-2025T15:39:22 - [MESSAGE][INFO] - Selecting options on object 'Object Repository/CURA Healthcare Service/Make Appointment/select_Tokyo CURA Healthcare Center        _5b4107' with index in [1]

24-06-2025T15:39:22 - [MESSAGE][INFO] - Smart Wait Function is triggered

24-06-2025T15:39:23 - [MESSAGE][INFO] - Option with index 1 is selected

24-06-2025T15:39:23 - [MESSAGE][PASSED] - All options with index in [1] are selected on object 'Object Repository/CURA Healthcare Service/Make Appointment/select_Tokyo CURA Healthcare Center        _5b4107'

24-06-2025T15:39:23 - [TEST_STEP][PASSED] - check(findTestObject("CURA Healthcare Service/Make Appointment/input_Apply for hospital readmission_hospit_63901f")): Object 'Object Repository/CURA Healthcare Service/Make Appointment/input_Apply for hospital readmission_hospit_63901f' is checked

24-06-2025T15:39:23 - [MESSAGE][INFO] - Finding Test Object 'Object Repository/CURA Healthcare Service/Make Appointment/input_Apply for hospital readmission_hospit_63901f'

24-06-2025T15:39:23 - [MESSAGE][INFO] - Checking object

24-06-2025T15:39:23 - [MESSAGE][INFO] - Finding web element from Test Object's properties

24-06-2025T15:39:23 - [MESSAGE][INFO] - Checking timeout

24-06-2025T15:39:23 - [MESSAGE][INFO] - Finding web element with id: 'Object Repository/CURA Healthcare Service/Make Appointment/input_Apply for hospital readmission_hospit_63901f' located by 'By.xpath: //input[@id='chk_hospotal_readmission']' in '30' second(s)

24-06-2025T15:39:23 - [MESSAGE][INFO] - Smart Wait Function is triggered

24-06-2025T15:39:23 - [MESSAGE][INFO] - Found 1 web elements with id: 'Object Repository/CURA Healthcare Service/Make Appointment/input_Apply for hospital readmission_hospit_63901f' located by 'By.xpath: //input[@id='chk_hospotal_readmission']' in '30' second(s)

24-06-2025T15:39:23 - [MESSAGE][INFO] - Checking on bject 'Object Repository/CURA Healthcare Service/Make Appointment/input_Apply for hospital readmission_hospit_63901f'

24-06-2025T15:39:23 - [MESSAGE][PASSED] - Object 'Object Repository/CURA Healthcare Service/Make Appointment/input_Apply for hospital readmission_hospit_63901f' is checked

24-06-2025T15:39:23 - [TEST_STEP][PASSED] - if (n == 0): null

24-06-2025T15:39:23 - [TEST_STEP][PASSED] - else if (n == 1): null

24-06-2025T15:39:23 - [TEST_STEP][PASSED] - else: Object: 'Object Repository/CURA Healthcare Service/Make Appointment/input_None_programs' is clicked on

24-06-2025T15:39:23 - [TEST_STEP][PASSED] - click(findTestObject("CURA Healthcare Service/Make Appointment/input_None_programs")): Object: 'Object Repository/CURA Healthcare Service/Make Appointment/input_None_programs' is clicked on

24-06-2025T15:39:23 - [MESSAGE][INFO] - Finding Test Object 'Object Repository/CURA Healthcare Service/Make Appointment/input_None_programs'

24-06-2025T15:39:23 - [MESSAGE][INFO] - Checking object

24-06-2025T15:39:23 - [MESSAGE][INFO] - Checking timeout

24-06-2025T15:39:23 - [MESSAGE][INFO] - Finding web element from Test Object's properties

24-06-2025T15:39:23 - [MESSAGE][INFO] - Checking timeout

24-06-2025T15:39:23 - [MESSAGE][INFO] - Finding web element with id: 'Object Repository/CURA Healthcare Service/Make Appointment/input_None_programs' located by 'By.xpath: //input[@id='radio_program_none']' in '30' second(s)

24-06-2025T15:39:23 - [MESSAGE][INFO] - Smart Wait Function is triggered

24-06-2025T15:39:23 - [MESSAGE][INFO] - Found 1 web elements with id: 'Object Repository/CURA Healthcare Service/Make Appointment/input_None_programs' located by 'By.xpath: //input[@id='radio_program_none']' in '30' second(s)

24-06-2025T15:39:23 - [MESSAGE][INFO] - Clicking on object: 'Object Repository/CURA Healthcare Service/Make Appointment/input_None_programs'

24-06-2025T15:39:23 - [MESSAGE][PASSED] - Object: 'Object Repository/CURA Healthcare Service/Make Appointment/input_None_programs' is clicked on

24-06-2025T15:39:23 - [TEST_STEP][PASSED] - setText(findTestObject("CURA Healthcare Service/Make Appointment/textarea_Comment_comment"), "This is a test comment"): Text 'This is a test comment' is set on object 'Object Repository/CURA Healthcare Service/Make Appointment/textarea_Comment_comment'

24-06-2025T15:39:23 - [MESSAGE][INFO] - Finding Test Object 'Object Repository/CURA Healthcare Service/Make Appointment/textarea_Comment_comment'

24-06-2025T15:39:23 - [MESSAGE][INFO] - Checking object

24-06-2025T15:39:23 - [MESSAGE][INFO] - Checking text

24-06-2025T15:39:23 - [MESSAGE][INFO] - Finding web element from Test Object's properties

24-06-2025T15:39:23 - [MESSAGE][INFO] - Checking timeout

24-06-2025T15:39:23 - [MESSAGE][INFO] - Finding web element with id: 'Object Repository/CURA Healthcare Service/Make Appointment/textarea_Comment_comment' located by 'By.xpath: //textarea[@id='txt_comment']' in '30' second(s)

24-06-2025T15:39:23 - [MESSAGE][INFO] - Smart Wait Function is triggered

24-06-2025T15:39:24 - [MESSAGE][INFO] - Found 1 web elements with id: 'Object Repository/CURA Healthcare Service/Make Appointment/textarea_Comment_comment' located by 'By.xpath: //textarea[@id='txt_comment']' in '30' second(s)

24-06-2025T15:39:24 - [MESSAGE][INFO] - Clearing text of object 'Object Repository/CURA Healthcare Service/Make Appointment/textarea_Comment_comment'

24-06-2025T15:39:24 - [MESSAGE][INFO] - Finding web element from Test Object's properties

24-06-2025T15:39:24 - [MESSAGE][INFO] - Checking timeout

24-06-2025T15:39:24 - [MESSAGE][INFO] - Finding web element with id: 'Object Repository/CURA Healthcare Service/Make Appointment/textarea_Comment_comment' located by 'By.xpath: //textarea[@id='txt_comment']' in '30' second(s)

24-06-2025T15:39:24 - [MESSAGE][INFO] - Smart Wait Function is triggered

24-06-2025T15:39:24 - [MESSAGE][INFO] - Found 1 web elements with id: 'Object Repository/CURA Healthcare Service/Make Appointment/textarea_Comment_comment' located by 'By.xpath: //textarea[@id='txt_comment']' in '30' second(s)

24-06-2025T15:39:24 - [MESSAGE][INFO] - Setting text of object 'Object Repository/CURA Healthcare Service/Make Appointment/textarea_Comment_comment' to value 'This is a test comment'

24-06-2025T15:39:24 - [MESSAGE][PASSED] - Text 'This is a test comment' is set on object 'Object Repository/CURA Healthcare Service/Make Appointment/textarea_Comment_comment'

24-06-2025T15:39:24 - [TEST_STEP][PASSED] - setText(findTestObject("CURA Healthcare Service/Make Appointment/input_Visit Date (Required)_visit_date"), "25/7/2025"): Text '25/7/2025' is set on object 'Object Repository/CURA Healthcare Service/Make Appointment/input_Visit Date (Required)_visit_date'

24-06-2025T15:39:24 - [MESSAGE][INFO] - Finding Test Object 'Object Repository/CURA Healthcare Service/Make Appointment/input_Visit Date (Required)_visit_date'

24-06-2025T15:39:24 - [MESSAGE][INFO] - Checking object

24-06-2025T15:39:24 - [MESSAGE][INFO] - Checking text

24-06-2025T15:39:24 - [MESSAGE][INFO] - Finding web element from Test Object's properties

24-06-2025T15:39:24 - [MESSAGE][INFO] - Checking timeout

24-06-2025T15:39:24 - [MESSAGE][INFO] - Finding web element with id: 'Object Repository/CURA Healthcare Service/Make Appointment/input_Visit Date (Required)_visit_date' located by 'By.xpath: //input[@id='txt_visit_date']' in '30' second(s)

24-06-2025T15:39:24 - [MESSAGE][INFO] - Smart Wait Function is triggered

24-06-2025T15:39:24 - [MESSAGE][INFO] - Found 1 web elements with id: 'Object Repository/CURA Healthcare Service/Make Appointment/input_Visit Date (Required)_visit_date' located by 'By.xpath: //input[@id='txt_visit_date']' in '30' second(s)

24-06-2025T15:39:24 - [MESSAGE][INFO] - Clearing text of object 'Object Repository/CURA Healthcare Service/Make Appointment/input_Visit Date (Required)_visit_date'

24-06-2025T15:39:24 - [MESSAGE][INFO] - Finding web element from Test Object's properties

24-06-2025T15:39:24 - [MESSAGE][INFO] - Checking timeout

24-06-2025T15:39:24 - [MESSAGE][INFO] - Finding web element with id: 'Object Repository/CURA Healthcare Service/Make Appointment/input_Visit Date (Required)_visit_date' located by 'By.xpath: //input[@id='txt_visit_date']' in '30' second(s)

24-06-2025T15:39:24 - [MESSAGE][INFO] - Smart Wait Function is triggered

24-06-2025T15:39:25 - [MESSAGE][INFO] - Found 1 web elements with id: 'Object Repository/CURA Healthcare Service/Make Appointment/input_Visit Date (Required)_visit_date' located by 'By.xpath: //input[@id='txt_visit_date']' in '30' second(s)

24-06-2025T15:39:25 - [MESSAGE][INFO] - Setting text of object 'Object Repository/CURA Healthcare Service/Make Appointment/input_Visit Date (Required)_visit_date' to value '25/7/2025'

24-06-2025T15:39:25 - [MESSAGE][PASSED] - Text '25/7/2025' is set on object 'Object Repository/CURA Healthcare Service/Make Appointment/input_Visit Date (Required)_visit_date'

24-06-2025T15:39:25 - [TEST_STEP][PASSED] - click(findTestObject("CURA Healthcare Service/Make Appointment/button_Book Appointment")): Object: 'Object Repository/CURA Healthcare Service/Make Appointment/button_Book Appointment' is clicked on

24-06-2025T15:39:25 - [MESSAGE][INFO] - Finding Test Object 'Object Repository/CURA Healthcare Service/Make Appointment/button_Book Appointment'

24-06-2025T15:39:25 - [MESSAGE][INFO] - Checking object

24-06-2025T15:39:25 - [MESSAGE][INFO] - Checking timeout

24-06-2025T15:39:25 - [MESSAGE][INFO] - Finding web element from Test Object's properties

24-06-2025T15:39:25 - [MESSAGE][INFO] - Checking timeout

24-06-2025T15:39:25 - [MESSAGE][INFO] - Finding web element with id: 'Object Repository/CURA Healthcare Service/Make Appointment/button_Book Appointment' located by 'By.xpath: //button[@id='btn-book-appointment']' in '30' second(s)

24-06-2025T15:39:25 - [MESSAGE][INFO] - Smart Wait Function is triggered

24-06-2025T15:39:25 - [MESSAGE][INFO] - Found 1 web elements with id: 'Object Repository/CURA Healthcare Service/Make Appointment/button_Book Appointment' located by 'By.xpath: //button[@id='btn-book-appointment']' in '30' second(s)

24-06-2025T15:39:25 - [MESSAGE][INFO] - Clicking on object: 'Object Repository/CURA Healthcare Service/Make Appointment/button_Book Appointment'

24-06-2025T15:39:25 - [MESSAGE][PASSED] - Object: 'Object Repository/CURA Healthcare Service/Make Appointment/button_Book Appointment' is clicked on

24-06-2025T15:39:25 - [TEST_STEP][PASSED] - verifyElementText(findTestObject("CURA Healthcare Service/Make Appointment/h2_Appointment Confirmation"), "Appointment Confirmation"): Actual text and expected text of test object 'Object Repository/CURA Healthcare Service/Make Appointment/h2_Appointment Confirmation' are matched.

24-06-2025T15:39:25 - [MESSAGE][INFO] - Finding Test Object 'Object Repository/CURA Healthcare Service/Make Appointment/h2_Appointment Confirmation'

24-06-2025T15:39:25 - [MESSAGE][INFO] - Checking object

24-06-2025T15:39:25 - [MESSAGE][INFO] - Finding web element from Test Object's properties

24-06-2025T15:39:25 - [MESSAGE][INFO] - Checking timeout

24-06-2025T15:39:25 - [MESSAGE][INFO] - Finding web element with id: 'Object Repository/CURA Healthcare Service/Make Appointment/h2_Appointment Confirmation' located by 'By.xpath: //section[@id='summary']/div/div/div/h2' in '30' second(s)

24-06-2025T15:39:25 - [MESSAGE][INFO] - Smart Wait Function is triggered

24-06-2025T15:39:26 - [MESSAGE][INFO] - Found 1 web elements with id: 'Object Repository/CURA Healthcare Service/Make Appointment/h2_Appointment Confirmation' located by 'By.xpath: //section[@id='summary']/div/div/div/h2' in '30' second(s)

24-06-2025T15:39:26 - [MESSAGE][PASSED] - Actual text and expected text of test object 'Object Repository/CURA Healthcare Service/Make Appointment/h2_Appointment Confirmation' are matched.

24-06-2025T15:39:26 - [TEST_STEP][PASSED] - click(findTestObject("CURA Healthcare Service/Make Appointment/a_Go to Homepage")): Object: 'Object Repository/CURA Healthcare Service/Make Appointment/a_Go to Homepage' is clicked on

24-06-2025T15:39:26 - [MESSAGE][INFO] - Finding Test Object 'Object Repository/CURA Healthcare Service/Make Appointment/a_Go to Homepage'

24-06-2025T15:39:26 - [MESSAGE][INFO] - Checking object

24-06-2025T15:39:26 - [MESSAGE][INFO] - Checking timeout

24-06-2025T15:39:26 - [MESSAGE][INFO] - Finding web element from Test Object's properties

24-06-2025T15:39:26 - [MESSAGE][INFO] - Checking timeout

24-06-2025T15:39:26 - [MESSAGE][INFO] - Finding web element with id: 'Object Repository/CURA Healthcare Service/Make Appointment/a_Go to Homepage' located by 'By.xpath: //section[@id='summary']/div/div/div[7]/p/a' in '30' second(s)

24-06-2025T15:39:26 - [MESSAGE][INFO] - Smart Wait Function is triggered

24-06-2025T15:39:26 - [MESSAGE][INFO] - Found 1 web elements with id: 'Object Repository/CURA Healthcare Service/Make Appointment/a_Go to Homepage' located by 'By.xpath: //section[@id='summary']/div/div/div[7]/p/a' in '30' second(s)

24-06-2025T15:39:26 - [MESSAGE][INFO] - Clicking on object: 'Object Repository/CURA Healthcare Service/Make Appointment/a_Go to Homepage'

24-06-2025T15:39:26 - [MESSAGE][PASSED] - Object: 'Object Repository/CURA Healthcare Service/Make Appointment/a_Go to Homepage' is clicked on

24-06-2025T15:39:26 - [TEST_STEP][PASSED] - if (n <= 1): null

24-06-2025T15:39:26 - [TEST_STEP][PASSED] - closeBrowser(): Browser is closed

24-06-2025T15:39:26 - [MESSAGE][INFO] - Closing browser

24-06-2025T15:39:27 - [MESSAGE][PASSED] - Browser is closed

24-06-2025T15:39:27 - [TEST_STEP][PASSED] - Completed.Congrats("Tester"): Completed.Congrats is PASSED

24-06-2025T15:39:27 - [MESSAGE][PASSED] - Completed.Congrats is PASSED]]></system-out>
         <system-err><![CDATA[]]></system-err>
      </testcase>
      <system-out><![CDATA[24-06-2025T15:37:38 - [TEST_SUITE][PASSED] - Regression: Test Cases/Week 2 - Keyword Driven Test/Make An Appointment - Manually]]></system-out>
      <system-err><![CDATA[]]></system-err>
   </testsuite>
</testsuites>
